2022-09-10 12:11:52 - INFO - Starting ContactAppRestApiApplication using Java 18.0.2 on DELL-C2HFFL3 with PID 21160 (D:\sample-app\contact-app-api\target\classes started by Administrator in D:\sample-app\contact-app-api)
2022-09-10 12:11:52 - INFO - No active profile set, falling back to 1 default profile: "default"
2022-09-10 12:11:54 - INFO - Starting service [Tomcat]
2022-09-10 12:11:54 - INFO - Starting Servlet engine: [Apache Tomcat/9.0.65]
2022-09-10 12:11:54 - INFO - Initializing Spring embedded WebApplicationContext
2022-09-10 12:11:54 - INFO - HHH000204: Processing PersistenceUnitInfo [name: default]
2022-09-10 12:11:54 - INFO - HHH000412: Hibernate ORM core version 5.6.10.Final
2022-09-10 12:11:54 - INFO - HCANN000001: Hibernate Commons Annotations {5.1.2.Final}
2022-09-10 12:11:55 - INFO - HikariPool-1 - Starting...
2022-09-10 12:11:55 - INFO - HikariPool-1 - Start completed.
2022-09-10 12:11:55 - INFO - HHH000400: Using dialect: org.hibernate.dialect.MySQL5InnoDBDialect
2022-09-10 12:11:56 - INFO - HHH000490: Using JtaPlatform implementation: [org.hibernate.engine.transaction.jta.platform.internal.NoJtaPlatform]
2022-09-10 12:11:57 - INFO - Started ContactAppRestApiApplication in 5.175 seconds (JVM running for 5.755)
2022-09-10 12:30:06 - INFO - HikariPool-1 - Shutdown initiated...
2022-09-10 12:30:06 - INFO - HikariPool-1 - Shutdown completed.
2022-09-10 12:30:17 - INFO - Starting ContactAppRestApiApplication using Java 18.0.2 on DELL-C2HFFL3 with PID 3444 (D:\sample-app\contact-app-api\target\classes started by Administrator in D:\sample-app\contact-app-api)
2022-09-10 12:30:17 - INFO - No active profile set, falling back to 1 default profile: "default"
2022-09-10 12:30:19 - INFO - Starting service [Tomcat]
2022-09-10 12:30:19 - INFO - Starting Servlet engine: [Apache Tomcat/9.0.65]
2022-09-10 12:30:19 - INFO - Initializing Spring embedded WebApplicationContext
2022-09-10 12:30:20 - INFO - HHH000204: Processing PersistenceUnitInfo [name: default]
2022-09-10 12:30:20 - INFO - HHH000412: Hibernate ORM core version 5.6.10.Final
2022-09-10 12:30:20 - INFO - HCANN000001: Hibernate Commons Annotations {5.1.2.Final}
2022-09-10 12:30:20 - INFO - HikariPool-1 - Starting...
2022-09-10 12:30:21 - INFO - HikariPool-1 - Start completed.
2022-09-10 12:30:21 - INFO - HHH000400: Using dialect: org.hibernate.dialect.MySQL5InnoDBDialect
2022-09-10 12:30:22 - INFO - HHH000490: Using JtaPlatform implementation: [org.hibernate.engine.transaction.jta.platform.internal.NoJtaPlatform]
2022-09-10 12:30:23 - INFO - Started ContactAppRestApiApplication in 6.389 seconds (JVM running for 6.926)
2022-09-10 12:41:50 - INFO - HikariPool-1 - Shutdown initiated...
2022-09-10 12:41:50 - INFO - HikariPool-1 - Shutdown completed.
2022-09-10 12:41:55 - INFO - Starting ContactAppRestApiApplication using Java 18.0.2 on DELL-C2HFFL3 with PID 18780 (D:\sample-app\contact-app-api\target\classes started by Administrator in D:\sample-app\contact-app-api)
2022-09-10 12:41:55 - INFO - No active profile set, falling back to 1 default profile: "default"
2022-09-10 12:41:56 - INFO - Starting service [Tomcat]
2022-09-10 12:41:56 - INFO - Starting Servlet engine: [Apache Tomcat/9.0.65]
2022-09-10 12:41:56 - INFO - Initializing Spring embedded WebApplicationContext
2022-09-10 12:41:56 - INFO - HHH000204: Processing PersistenceUnitInfo [name: default]
2022-09-10 12:41:56 - INFO - HHH000412: Hibernate ORM core version 5.6.10.Final
2022-09-10 12:41:57 - INFO - HCANN000001: Hibernate Commons Annotations {5.1.2.Final}
2022-09-10 12:41:57 - INFO - HikariPool-1 - Starting...
2022-09-10 12:41:57 - INFO - HikariPool-1 - Start completed.
2022-09-10 12:41:57 - INFO - HHH000400: Using dialect: org.hibernate.dialect.MySQL5InnoDBDialect
2022-09-10 12:41:57 - INFO - HHH000490: Using JtaPlatform implementation: [org.hibernate.engine.transaction.jta.platform.internal.NoJtaPlatform]
2022-09-10 12:41:58 - INFO - HikariPool-1 - Shutdown initiated...
2022-09-10 12:41:58 - INFO - HikariPool-1 - Shutdown completed.
2022-09-10 12:41:58 - INFO - Stopping service [Tomcat]
2022-09-10 12:41:58 - ERROR - Application run failed
org.springframework.beans.factory.UnsatisfiedDependencyException: Error creating bean with name 'contactController': Unsatisfied dependency expressed through field 'contactService'; nested exception is org.springframework.beans.factory.UnsatisfiedDependencyException: Error creating bean with name 'contactService': Unsatisfied dependency expressed through field 'contactUserRepository'; nested exception is org.springframework.beans.factory.BeanCreationException: Error creating bean with name 'contactUserRepository' defined in com.harsha.demo.repository.ContactUserRepository defined in @EnableJpaRepositories declared on JpaRepositoriesRegistrar.EnableJpaRepositoriesConfiguration: Invocation of init method failed; nested exception is org.springframework.data.repository.query.QueryCreationException: Could not create query for public abstract java.util.List com.harsha.demo.repository.ContactUserRepository.findByContactUser(com.harsha.demo.model.ContactUser); Reason: Failed to create query for method public abstract java.util.List com.harsha.demo.repository.ContactUserRepository.findByContactUser(com.harsha.demo.model.ContactUser)! No property 'contactUser' found for type 'ContactUser'; nested exception is java.lang.IllegalArgumentException: Failed to create query for method public abstract java.util.List com.harsha.demo.repository.ContactUserRepository.findByContactUser(com.harsha.demo.model.ContactUser)! No property 'contactUser' found for type 'ContactUser'
	at org.springframework.beans.factory.annotation.AutowiredAnnotationBeanPostProcessor$AutowiredFieldElement.resolveFieldValue(AutowiredAnnotationBeanPostProcessor.java:659)
	at org.springframework.beans.factory.annotation.AutowiredAnnotationBeanPostProcessor$AutowiredFieldElement.inject(AutowiredAnnotationBeanPostProcessor.java:639)
	at org.springframework.beans.factory.annotation.InjectionMetadata.inject(InjectionMetadata.java:119)
	at org.springframework.beans.factory.annotation.AutowiredAnnotationBeanPostProcessor.postProcessProperties(AutowiredAnnotationBeanPostProcessor.java:399)
	at org.springframework.beans.factory.support.AbstractAutowireCapableBeanFactory.populateBean(AbstractAutowireCapableBeanFactory.java:1431)
	at org.springframework.beans.factory.support.AbstractAutowireCapableBeanFactory.doCreateBean(AbstractAutowireCapableBeanFactory.java:619)
	at org.springframework.beans.factory.support.AbstractAutowireCapableBeanFactory.createBean(AbstractAutowireCapableBeanFactory.java:542)
	at org.springframework.beans.factory.support.AbstractBeanFactory.lambda$doGetBean$0(AbstractBeanFactory.java:335)
	at org.springframework.beans.factory.support.DefaultSingletonBeanRegistry.getSingleton(DefaultSingletonBeanRegistry.java:234)
	at org.springframework.beans.factory.support.AbstractBeanFactory.doGetBean(AbstractBeanFactory.java:333)
	at org.springframework.beans.factory.support.AbstractBeanFactory.getBean(AbstractBeanFactory.java:208)
	at org.springframework.beans.factory.support.DefaultListableBeanFactory.preInstantiateSingletons(DefaultListableBeanFactory.java:955)
	at org.springframework.context.support.AbstractApplicationContext.finishBeanFactoryInitialization(AbstractApplicationContext.java:918)
	at org.springframework.context.support.AbstractApplicationContext.refresh(AbstractApplicationContext.java:583)
	at org.springframework.boot.web.servlet.context.ServletWebServerApplicationContext.refresh(ServletWebServerApplicationContext.java:147)
	at org.springframework.boot.SpringApplication.refresh(SpringApplication.java:734)
	at org.springframework.boot.SpringApplication.refreshContext(SpringApplication.java:408)
	at org.springframework.boot.SpringApplication.run(SpringApplication.java:308)
	at org.springframework.boot.SpringApplication.run(SpringApplication.java:1306)
	at org.springframework.boot.SpringApplication.run(SpringApplication.java:1295)
	at com.harsha.demo.ContactAppRestApiApplication.main(ContactAppRestApiApplication.java:10)
Caused by: org.springframework.beans.factory.UnsatisfiedDependencyException: Error creating bean with name 'contactService': Unsatisfied dependency expressed through field 'contactUserRepository'; nested exception is org.springframework.beans.factory.BeanCreationException: Error creating bean with name 'contactUserRepository' defined in com.harsha.demo.repository.ContactUserRepository defined in @EnableJpaRepositories declared on JpaRepositoriesRegistrar.EnableJpaRepositoriesConfiguration: Invocation of init method failed; nested exception is org.springframework.data.repository.query.QueryCreationException: Could not create query for public abstract java.util.List com.harsha.demo.repository.ContactUserRepository.findByContactUser(com.harsha.demo.model.ContactUser); Reason: Failed to create query for method public abstract java.util.List com.harsha.demo.repository.ContactUserRepository.findByContactUser(com.harsha.demo.model.ContactUser)! No property 'contactUser' found for type 'ContactUser'; nested exception is java.lang.IllegalArgumentException: Failed to create query for method public abstract java.util.List com.harsha.demo.repository.ContactUserRepository.findByContactUser(com.harsha.demo.model.ContactUser)! No property 'contactUser' found for type 'ContactUser'
	at org.springframework.beans.factory.annotation.AutowiredAnnotationBeanPostProcessor$AutowiredFieldElement.resolveFieldValue(AutowiredAnnotationBeanPostProcessor.java:659)
	at org.springframework.beans.factory.annotation.AutowiredAnnotationBeanPostProcessor$AutowiredFieldElement.inject(AutowiredAnnotationBeanPostProcessor.java:639)
	at org.springframework.beans.factory.annotation.InjectionMetadata.inject(InjectionMetadata.java:119)
	at org.springframework.beans.factory.annotation.AutowiredAnnotationBeanPostProcessor.postProcessProperties(AutowiredAnnotationBeanPostProcessor.java:399)
	at org.springframework.beans.factory.support.AbstractAutowireCapableBeanFactory.populateBean(AbstractAutowireCapableBeanFactory.java:1431)
	at org.springframework.beans.factory.support.AbstractAutowireCapableBeanFactory.doCreateBean(AbstractAutowireCapableBeanFactory.java:619)
	at org.springframework.beans.factory.support.AbstractAutowireCapableBeanFactory.createBean(AbstractAutowireCapableBeanFactory.java:542)
	at org.springframework.beans.factory.support.AbstractBeanFactory.lambda$doGetBean$0(AbstractBeanFactory.java:335)
	at org.springframework.beans.factory.support.DefaultSingletonBeanRegistry.getSingleton(DefaultSingletonBeanRegistry.java:234)
	at org.springframework.beans.factory.support.AbstractBeanFactory.doGetBean(AbstractBeanFactory.java:333)
	at org.springframework.beans.factory.support.AbstractBeanFactory.getBean(AbstractBeanFactory.java:208)
	at org.springframework.beans.factory.config.DependencyDescriptor.resolveCandidate(DependencyDescriptor.java:276)
	at org.springframework.beans.factory.support.DefaultListableBeanFactory.doResolveDependency(DefaultListableBeanFactory.java:1391)
	at org.springframework.beans.factory.support.DefaultListableBeanFactory.resolveDependency(DefaultListableBeanFactory.java:1311)
	at org.springframework.beans.factory.annotation.AutowiredAnnotationBeanPostProcessor$AutowiredFieldElement.resolveFieldValue(AutowiredAnnotationBeanPostProcessor.java:656)
	... 20 common frames omitted
Caused by: org.springframework.beans.factory.BeanCreationException: Error creating bean with name 'contactUserRepository' defined in com.harsha.demo.repository.ContactUserRepository defined in @EnableJpaRepositories declared on JpaRepositoriesRegistrar.EnableJpaRepositoriesConfiguration: Invocation of init method failed; nested exception is org.springframework.data.repository.query.QueryCreationException: Could not create query for public abstract java.util.List com.harsha.demo.repository.ContactUserRepository.findByContactUser(com.harsha.demo.model.ContactUser); Reason: Failed to create query for method public abstract java.util.List com.harsha.demo.repository.ContactUserRepository.findByContactUser(com.harsha.demo.model.ContactUser)! No property 'contactUser' found for type 'ContactUser'; nested exception is java.lang.IllegalArgumentException: Failed to create query for method public abstract java.util.List com.harsha.demo.repository.ContactUserRepository.findByContactUser(com.harsha.demo.model.ContactUser)! No property 'contactUser' found for type 'ContactUser'
	at org.springframework.beans.factory.support.AbstractAutowireCapableBeanFactory.initializeBean(AbstractAutowireCapableBeanFactory.java:1804)
	at org.springframework.beans.factory.support.AbstractAutowireCapableBeanFactory.doCreateBean(AbstractAutowireCapableBeanFactory.java:620)
	at org.springframework.beans.factory.support.AbstractAutowireCapableBeanFactory.createBean(AbstractAutowireCapableBeanFactory.java:542)
	at org.springframework.beans.factory.support.AbstractBeanFactory.lambda$doGetBean$0(AbstractBeanFactory.java:335)
	at org.springframework.beans.factory.support.DefaultSingletonBeanRegistry.getSingleton(DefaultSingletonBeanRegistry.java:234)
	at org.springframework.beans.factory.support.AbstractBeanFactory.doGetBean(AbstractBeanFactory.java:333)
	at org.springframework.beans.factory.support.AbstractBeanFactory.getBean(AbstractBeanFactory.java:208)
	at org.springframework.beans.factory.config.DependencyDescriptor.resolveCandidate(DependencyDescriptor.java:276)
	at org.springframework.beans.factory.support.DefaultListableBeanFactory.doResolveDependency(DefaultListableBeanFactory.java:1391)
	at org.springframework.beans.factory.support.DefaultListableBeanFactory.resolveDependency(DefaultListableBeanFactory.java:1311)
	at org.springframework.beans.factory.annotation.AutowiredAnnotationBeanPostProcessor$AutowiredFieldElement.resolveFieldValue(AutowiredAnnotationBeanPostProcessor.java:656)
	... 34 common frames omitted
Caused by: org.springframework.data.repository.query.QueryCreationException: Could not create query for public abstract java.util.List com.harsha.demo.repository.ContactUserRepository.findByContactUser(com.harsha.demo.model.ContactUser); Reason: Failed to create query for method public abstract java.util.List com.harsha.demo.repository.ContactUserRepository.findByContactUser(com.harsha.demo.model.ContactUser)! No property 'contactUser' found for type 'ContactUser'; nested exception is java.lang.IllegalArgumentException: Failed to create query for method public abstract java.util.List com.harsha.demo.repository.ContactUserRepository.findByContactUser(com.harsha.demo.model.ContactUser)! No property 'contactUser' found for type 'ContactUser'
	at org.springframework.data.repository.query.QueryCreationException.create(QueryCreationException.java:101)
	at org.springframework.data.repository.core.support.QueryExecutorMethodInterceptor.lookupQuery(QueryExecutorMethodInterceptor.java:107)
	at org.springframework.data.repository.core.support.QueryExecutorMethodInterceptor.lambda$mapMethodsToQuery$1(QueryExecutorMethodInterceptor.java:95)
	at java.base/java.util.stream.ReferencePipeline$3$1.accept(ReferencePipeline.java:197)
	at java.base/java.util.Iterator.forEachRemaining(Iterator.java:133)
	at java.base/java.util.Collections$UnmodifiableCollection$1.forEachRemaining(Collections.java:1061)
	at java.base/java.util.Spliterators$IteratorSpliterator.forEachRemaining(Spliterators.java:1845)
	at java.base/java.util.stream.AbstractPipeline.copyInto(AbstractPipeline.java:509)
	at java.base/java.util.stream.AbstractPipeline.wrapAndCopyInto(AbstractPipeline.java:499)
	at java.base/java.util.stream.ReduceOps$ReduceOp.evaluateSequential(ReduceOps.java:921)
	at java.base/java.util.stream.AbstractPipeline.evaluate(AbstractPipeline.java:234)
	at java.base/java.util.stream.ReferencePipeline.collect(ReferencePipeline.java:682)
	at org.springframework.data.repository.core.support.QueryExecutorMethodInterceptor.mapMethodsToQuery(QueryExecutorMethodInterceptor.java:97)
	at org.springframework.data.repository.core.support.QueryExecutorMethodInterceptor.lambda$new$0(QueryExecutorMethodInterceptor.java:87)
	at java.base/java.util.Optional.map(Optional.java:260)
	at org.springframework.data.repository.core.support.QueryExecutorMethodInterceptor.<init>(QueryExecutorMethodInterceptor.java:87)
	at org.springframework.data.repository.core.support.RepositoryFactorySupport.getRepository(RepositoryFactorySupport.java:365)
	at org.springframework.data.repository.core.support.RepositoryFactoryBeanSupport.lambda$afterPropertiesSet$5(RepositoryFactoryBeanSupport.java:323)
	at org.springframework.data.util.Lazy.getNullable(Lazy.java:231)
	at org.springframework.data.util.Lazy.get(Lazy.java:115)
	at org.springframework.data.repository.core.support.RepositoryFactoryBeanSupport.afterPropertiesSet(RepositoryFactoryBeanSupport.java:329)
	at org.springframework.data.jpa.repository.support.JpaRepositoryFactoryBean.afterPropertiesSet(JpaRepositoryFactoryBean.java:144)
	at org.springframework.beans.factory.support.AbstractAutowireCapableBeanFactory.invokeInitMethods(AbstractAutowireCapableBeanFactory.java:1863)
	at org.springframework.beans.factory.support.AbstractAutowireCapableBeanFactory.initializeBean(AbstractAutowireCapableBeanFactory.java:1800)
	... 44 common frames omitted
Caused by: java.lang.IllegalArgumentException: Failed to create query for method public abstract java.util.List com.harsha.demo.repository.ContactUserRepository.findByContactUser(com.harsha.demo.model.ContactUser)! No property 'contactUser' found for type 'ContactUser'
	at org.springframework.data.jpa.repository.query.PartTreeJpaQuery.<init>(PartTreeJpaQuery.java:96)
	at org.springframework.data.jpa.repository.query.JpaQueryLookupStrategy$CreateQueryLookupStrategy.resolveQuery(JpaQueryLookupStrategy.java:119)
	at org.springframework.data.jpa.repository.query.JpaQueryLookupStrategy$CreateIfNotFoundQueryLookupStrategy.resolveQuery(JpaQueryLookupStrategy.java:259)
	at org.springframework.data.jpa.repository.query.JpaQueryLookupStrategy$AbstractQueryLookupStrategy.resolveQuery(JpaQueryLookupStrategy.java:93)
	at org.springframework.data.repository.core.support.QueryExecutorMethodInterceptor.lookupQuery(QueryExecutorMethodInterceptor.java:103)
	... 66 common frames omitted
Caused by: org.springframework.data.mapping.PropertyReferenceException: No property 'contactUser' found for type 'ContactUser'
	at org.springframework.data.mapping.PropertyPath.<init>(PropertyPath.java:91)
	at org.springframework.data.mapping.PropertyPath.create(PropertyPath.java:438)
	at org.springframework.data.mapping.PropertyPath.create(PropertyPath.java:414)
	at org.springframework.data.mapping.PropertyPath.lambda$from$0(PropertyPath.java:367)
	at java.base/java.util.concurrent.ConcurrentMap.computeIfAbsent(ConcurrentMap.java:330)
	at org.springframework.data.mapping.PropertyPath.from(PropertyPath.java:349)
	at org.springframework.data.mapping.PropertyPath.from(PropertyPath.java:332)
	at org.springframework.data.repository.query.parser.Part.<init>(Part.java:81)
	at org.springframework.data.repository.query.parser.PartTree$OrPart.lambda$new$0(PartTree.java:250)
	at java.base/java.util.stream.ReferencePipeline$3$1.accept(ReferencePipeline.java:197)
	at java.base/java.util.stream.ReferencePipeline$2$1.accept(ReferencePipeline.java:179)
	at java.base/java.util.Spliterators$ArraySpliterator.forEachRemaining(Spliterators.java:992)
	at java.base/java.util.stream.AbstractPipeline.copyInto(AbstractPipeline.java:509)
	at java.base/java.util.stream.AbstractPipeline.wrapAndCopyInto(AbstractPipeline.java:499)
	at java.base/java.util.stream.ReduceOps$ReduceOp.evaluateSequential(ReduceOps.java:921)
	at java.base/java.util.stream.AbstractPipeline.evaluate(AbstractPipeline.java:234)
	at java.base/java.util.stream.ReferencePipeline.collect(ReferencePipeline.java:682)
	at org.springframework.data.repository.query.parser.PartTree$OrPart.<init>(PartTree.java:251)
	at org.springframework.data.repository.query.parser.PartTree$Predicate.lambda$new$0(PartTree.java:384)
	at java.base/java.util.stream.ReferencePipeline$3$1.accept(ReferencePipeline.java:197)
	at java.base/java.util.stream.ReferencePipeline$2$1.accept(ReferencePipeline.java:179)
	at java.base/java.util.Spliterators$ArraySpliterator.forEachRemaining(Spliterators.java:992)
	at java.base/java.util.stream.AbstractPipeline.copyInto(AbstractPipeline.java:509)
	at java.base/java.util.stream.AbstractPipeline.wrapAndCopyInto(AbstractPipeline.java:499)
	at java.base/java.util.stream.ReduceOps$ReduceOp.evaluateSequential(ReduceOps.java:921)
	at java.base/java.util.stream.AbstractPipeline.evaluate(AbstractPipeline.java:234)
	at java.base/java.util.stream.ReferencePipeline.collect(ReferencePipeline.java:682)
	at org.springframework.data.repository.query.parser.PartTree$Predicate.<init>(PartTree.java:385)
	at org.springframework.data.repository.query.parser.PartTree.<init>(PartTree.java:96)
	at org.springframework.data.jpa.repository.query.PartTreeJpaQuery.<init>(PartTreeJpaQuery.java:89)
	... 70 common frames omitted
2022-09-10 12:43:31 - INFO - Starting ContactAppRestApiApplication using Java 18.0.2 on DELL-C2HFFL3 with PID 1812 (D:\sample-app\contact-app-api\target\classes started by Administrator in D:\sample-app\contact-app-api)
2022-09-10 12:43:31 - INFO - No active profile set, falling back to 1 default profile: "default"
2022-09-10 12:43:32 - INFO - Starting service [Tomcat]
2022-09-10 12:43:32 - INFO - Starting Servlet engine: [Apache Tomcat/9.0.65]
2022-09-10 12:43:32 - INFO - Initializing Spring embedded WebApplicationContext
2022-09-10 12:43:32 - INFO - HHH000204: Processing PersistenceUnitInfo [name: default]
2022-09-10 12:43:32 - INFO - HHH000412: Hibernate ORM core version 5.6.10.Final
2022-09-10 12:43:33 - INFO - HCANN000001: Hibernate Commons Annotations {5.1.2.Final}
2022-09-10 12:43:33 - INFO - HikariPool-1 - Starting...
2022-09-10 12:43:33 - INFO - HikariPool-1 - Start completed.
2022-09-10 12:43:33 - INFO - HHH000400: Using dialect: org.hibernate.dialect.MySQL5InnoDBDialect
2022-09-10 12:43:33 - INFO - HHH000490: Using JtaPlatform implementation: [org.hibernate.engine.transaction.jta.platform.internal.NoJtaPlatform]
2022-09-10 12:43:34 - INFO - Started ContactAppRestApiApplication in 3.821 seconds (JVM running for 4.228)
2022-09-10 12:47:34 - INFO - Initializing Spring DispatcherServlet 'dispatcherServlet'
2022-09-10 12:47:49 - ERROR - Invalid User name
2022-09-10 12:48:50 - ERROR - Invalid password
2022-09-10 12:49:34 - INFO - HikariPool-1 - Shutdown initiated...
2022-09-10 12:49:34 - INFO - HikariPool-1 - Shutdown completed.
2022-09-10 12:49:40 - INFO - Starting ContactAppRestApiApplication using Java 18.0.2 on DELL-C2HFFL3 with PID 22516 (D:\sample-app\contact-app-api\target\classes started by Administrator in D:\sample-app\contact-app-api)
2022-09-10 12:49:40 - INFO - No active profile set, falling back to 1 default profile: "default"
2022-09-10 12:49:42 - INFO - Starting service [Tomcat]
2022-09-10 12:49:42 - INFO - Starting Servlet engine: [Apache Tomcat/9.0.65]
2022-09-10 12:49:42 - INFO - Initializing Spring embedded WebApplicationContext
2022-09-10 12:49:42 - INFO - HHH000204: Processing PersistenceUnitInfo [name: default]
2022-09-10 12:49:42 - INFO - HHH000412: Hibernate ORM core version 5.6.10.Final
2022-09-10 12:49:42 - INFO - HCANN000001: Hibernate Commons Annotations {5.1.2.Final}
2022-09-10 12:49:43 - INFO - HikariPool-1 - Starting...
2022-09-10 12:49:43 - INFO - HikariPool-1 - Start completed.
2022-09-10 12:49:43 - INFO - HHH000400: Using dialect: org.hibernate.dialect.MySQL5InnoDBDialect
2022-09-10 12:49:43 - INFO - HHH000490: Using JtaPlatform implementation: [org.hibernate.engine.transaction.jta.platform.internal.NoJtaPlatform]
2022-09-10 12:49:44 - INFO - Started ContactAppRestApiApplication in 4.931 seconds (JVM running for 5.36)
2022-09-10 12:50:19 - INFO - Initializing Spring DispatcherServlet 'dispatcherServlet'
2022-09-10 12:50:20 - ERROR - Invalid password
2022-09-10 12:51:02 - INFO - HikariPool-1 - Shutdown initiated...
2022-09-10 12:51:02 - INFO - HikariPool-1 - Shutdown completed.
2022-09-10 12:51:09 - INFO - Starting ContactAppRestApiApplication using Java 18.0.2 on DELL-C2HFFL3 with PID 19564 (D:\sample-app\contact-app-api\target\classes started by Administrator in D:\sample-app\contact-app-api)
2022-09-10 12:51:09 - INFO - No active profile set, falling back to 1 default profile: "default"
2022-09-10 12:51:10 - INFO - Starting service [Tomcat]
2022-09-10 12:51:10 - INFO - Starting Servlet engine: [Apache Tomcat/9.0.65]
2022-09-10 12:51:10 - INFO - Initializing Spring embedded WebApplicationContext
2022-09-10 12:51:10 - INFO - HHH000204: Processing PersistenceUnitInfo [name: default]
2022-09-10 12:51:10 - INFO - HHH000412: Hibernate ORM core version 5.6.10.Final
2022-09-10 12:51:11 - INFO - HCANN000001: Hibernate Commons Annotations {5.1.2.Final}
2022-09-10 12:51:11 - INFO - HikariPool-1 - Starting...
2022-09-10 12:51:11 - INFO - HikariPool-1 - Start completed.
2022-09-10 12:51:11 - INFO - HHH000400: Using dialect: org.hibernate.dialect.MySQL5InnoDBDialect
2022-09-10 12:51:12 - INFO - HHH000490: Using JtaPlatform implementation: [org.hibernate.engine.transaction.jta.platform.internal.NoJtaPlatform]
2022-09-10 12:51:12 - INFO - Started ContactAppRestApiApplication in 5.115 seconds (JVM running for 5.523)
2022-09-10 12:51:52 - INFO - HikariPool-1 - Shutdown initiated...
2022-09-10 12:51:52 - INFO - HikariPool-1 - Shutdown completed.
2022-09-10 12:51:58 - INFO - Starting ContactAppRestApiApplication using Java 18.0.2 on DELL-C2HFFL3 with PID 21896 (D:\sample-app\contact-app-api\target\classes started by Administrator in D:\sample-app\contact-app-api)
2022-09-10 12:51:58 - INFO - No active profile set, falling back to 1 default profile: "default"
2022-09-10 12:51:59 - INFO - Starting service [Tomcat]
2022-09-10 12:51:59 - INFO - Starting Servlet engine: [Apache Tomcat/9.0.65]
2022-09-10 12:51:59 - INFO - Initializing Spring embedded WebApplicationContext
2022-09-10 12:52:00 - INFO - HHH000204: Processing PersistenceUnitInfo [name: default]
2022-09-10 12:52:00 - INFO - HHH000412: Hibernate ORM core version 5.6.10.Final
2022-09-10 12:52:00 - INFO - HCANN000001: Hibernate Commons Annotations {5.1.2.Final}
2022-09-10 12:52:00 - INFO - HikariPool-1 - Starting...
2022-09-10 12:52:00 - INFO - HikariPool-1 - Start completed.
2022-09-10 12:52:00 - INFO - HHH000400: Using dialect: org.hibernate.dialect.MySQL5InnoDBDialect
2022-09-10 12:52:01 - INFO - HHH000490: Using JtaPlatform implementation: [org.hibernate.engine.transaction.jta.platform.internal.NoJtaPlatform]
2022-09-10 12:52:02 - INFO - Started ContactAppRestApiApplication in 4.424 seconds (JVM running for 4.786)
2022-09-10 12:52:33 - INFO - Initializing Spring DispatcherServlet 'dispatcherServlet'
2022-09-10 12:53:19 - INFO - HikariPool-1 - Shutdown initiated...
2022-09-10 12:53:19 - INFO - HikariPool-1 - Shutdown completed.
2022-09-10 12:53:24 - INFO - Starting ContactAppRestApiApplication using Java 18.0.2 on DELL-C2HFFL3 with PID 14872 (D:\sample-app\contact-app-api\target\classes started by Administrator in D:\sample-app\contact-app-api)
2022-09-10 12:53:24 - INFO - No active profile set, falling back to 1 default profile: "default"
2022-09-10 12:53:25 - INFO - Starting service [Tomcat]
2022-09-10 12:53:25 - INFO - Starting Servlet engine: [Apache Tomcat/9.0.65]
2022-09-10 12:53:25 - INFO - Initializing Spring embedded WebApplicationContext
2022-09-10 12:53:26 - INFO - HHH000204: Processing PersistenceUnitInfo [name: default]
2022-09-10 12:53:26 - INFO - HHH000412: Hibernate ORM core version 5.6.10.Final
2022-09-10 12:53:26 - INFO - HCANN000001: Hibernate Commons Annotations {5.1.2.Final}
2022-09-10 12:53:26 - INFO - HikariPool-1 - Starting...
2022-09-10 12:53:26 - INFO - HikariPool-1 - Start completed.
2022-09-10 12:53:26 - INFO - HHH000400: Using dialect: org.hibernate.dialect.MySQL5InnoDBDialect
2022-09-10 12:53:27 - INFO - HHH000490: Using JtaPlatform implementation: [org.hibernate.engine.transaction.jta.platform.internal.NoJtaPlatform]
2022-09-10 12:53:28 - INFO - Started ContactAppRestApiApplication in 4.034 seconds (JVM running for 4.44)
2022-09-10 12:54:20 - INFO - Initializing Spring DispatcherServlet 'dispatcherServlet'
2022-09-10 12:54:20 - ERROR - The given id must not be null!; nested exception is java.lang.IllegalArgumentException: The given id must not be null!
2022-09-10 12:56:54 - INFO - HikariPool-1 - Shutdown initiated...
2022-09-10 12:56:54 - INFO - HikariPool-1 - Shutdown completed.
2022-09-10 12:57:00 - INFO - Starting ContactAppRestApiApplication using Java 18.0.2 on DELL-C2HFFL3 with PID 8984 (D:\sample-app\contact-app-api\target\classes started by Administrator in D:\sample-app\contact-app-api)
2022-09-10 12:57:00 - INFO - No active profile set, falling back to 1 default profile: "default"
2022-09-10 12:57:01 - INFO - Starting service [Tomcat]
2022-09-10 12:57:01 - INFO - Starting Servlet engine: [Apache Tomcat/9.0.65]
2022-09-10 12:57:02 - INFO - Initializing Spring embedded WebApplicationContext
2022-09-10 12:57:02 - INFO - HHH000204: Processing PersistenceUnitInfo [name: default]
2022-09-10 12:57:02 - INFO - HHH000412: Hibernate ORM core version 5.6.10.Final
2022-09-10 12:57:02 - INFO - HCANN000001: Hibernate Commons Annotations {5.1.2.Final}
2022-09-10 12:57:02 - INFO - HikariPool-1 - Starting...
2022-09-10 12:57:02 - INFO - HikariPool-1 - Start completed.
2022-09-10 12:57:02 - INFO - HHH000400: Using dialect: org.hibernate.dialect.MySQL5InnoDBDialect
2022-09-10 12:57:03 - INFO - HHH000490: Using JtaPlatform implementation: [org.hibernate.engine.transaction.jta.platform.internal.NoJtaPlatform]
2022-09-10 12:57:04 - INFO - Started ContactAppRestApiApplication in 4.573 seconds (JVM running for 5.001)
2022-09-10 12:57:16 - INFO - Initializing Spring DispatcherServlet 'dispatcherServlet'
2022-09-10 12:58:08 - ERROR - User id does not exists
2022-09-10 12:58:38 - INFO - HikariPool-1 - Shutdown initiated...
2022-09-10 12:58:38 - INFO - HikariPool-1 - Shutdown completed.
2022-09-10 12:58:44 - INFO - Starting ContactAppRestApiApplication using Java 18.0.2 on DELL-C2HFFL3 with PID 14864 (D:\sample-app\contact-app-api\target\classes started by Administrator in D:\sample-app\contact-app-api)
2022-09-10 12:58:44 - INFO - No active profile set, falling back to 1 default profile: "default"
2022-09-10 12:58:45 - INFO - Starting service [Tomcat]
2022-09-10 12:58:45 - INFO - Starting Servlet engine: [Apache Tomcat/9.0.65]
2022-09-10 12:58:46 - INFO - Initializing Spring embedded WebApplicationContext
2022-09-10 12:58:46 - INFO - HHH000204: Processing PersistenceUnitInfo [name: default]
2022-09-10 12:58:46 - INFO - HHH000412: Hibernate ORM core version 5.6.10.Final
2022-09-10 12:58:46 - INFO - HCANN000001: Hibernate Commons Annotations {5.1.2.Final}
2022-09-10 12:58:46 - INFO - HikariPool-1 - Starting...
2022-09-10 12:58:46 - INFO - HikariPool-1 - Start completed.
2022-09-10 12:58:46 - INFO - HHH000400: Using dialect: org.hibernate.dialect.MySQL5InnoDBDialect
2022-09-10 12:58:47 - INFO - HHH000490: Using JtaPlatform implementation: [org.hibernate.engine.transaction.jta.platform.internal.NoJtaPlatform]
2022-09-10 12:58:48 - INFO - Started ContactAppRestApiApplication in 5.245 seconds (JVM running for 5.62)
2022-09-10 12:58:51 - INFO - Initializing Spring DispatcherServlet 'dispatcherServlet'
2022-09-10 12:58:52 - ERROR - User id does not exists
2022-09-10 12:58:55 - ERROR - User id does not exists
2022-09-10 12:59:11 - INFO - HikariPool-1 - Shutdown initiated...
2022-09-10 12:59:11 - INFO - HikariPool-1 - Shutdown completed.
2022-09-10 12:59:16 - INFO - Starting ContactAppRestApiApplication using Java 18.0.2 on DELL-C2HFFL3 with PID 22096 (D:\sample-app\contact-app-api\target\classes started by Administrator in D:\sample-app\contact-app-api)
2022-09-10 12:59:16 - INFO - No active profile set, falling back to 1 default profile: "default"
2022-09-10 12:59:19 - INFO - Starting service [Tomcat]
2022-09-10 12:59:19 - INFO - Starting Servlet engine: [Apache Tomcat/9.0.65]
2022-09-10 12:59:19 - INFO - Initializing Spring embedded WebApplicationContext
2022-09-10 12:59:19 - INFO - HHH000204: Processing PersistenceUnitInfo [name: default]
2022-09-10 12:59:19 - INFO - HHH000412: Hibernate ORM core version 5.6.10.Final
2022-09-10 12:59:20 - INFO - HCANN000001: Hibernate Commons Annotations {5.1.2.Final}
2022-09-10 12:59:20 - INFO - HikariPool-1 - Starting...
2022-09-10 12:59:20 - INFO - HikariPool-1 - Start completed.
2022-09-10 12:59:20 - INFO - HHH000400: Using dialect: org.hibernate.dialect.MySQL5InnoDBDialect
2022-09-10 12:59:21 - INFO - HHH000490: Using JtaPlatform implementation: [org.hibernate.engine.transaction.jta.platform.internal.NoJtaPlatform]
2022-09-10 12:59:22 - INFO - Started ContactAppRestApiApplication in 6.476 seconds (JVM running for 6.874)
2022-09-10 12:59:23 - INFO - Initializing Spring DispatcherServlet 'dispatcherServlet'
2022-09-10 13:02:55 - INFO - HikariPool-1 - Shutdown initiated...
2022-09-10 13:02:55 - INFO - HikariPool-1 - Shutdown completed.
2022-09-10 13:03:00 - INFO - Starting ContactAppRestApiApplication using Java 18.0.2 on DELL-C2HFFL3 with PID 18540 (D:\sample-app\contact-app-api\target\classes started by Administrator in D:\sample-app\contact-app-api)
2022-09-10 13:03:00 - INFO - No active profile set, falling back to 1 default profile: "default"
2022-09-10 13:03:02 - INFO - Starting service [Tomcat]
2022-09-10 13:03:02 - INFO - Starting Servlet engine: [Apache Tomcat/9.0.65]
2022-09-10 13:03:03 - INFO - Initializing Spring embedded WebApplicationContext
2022-09-10 13:03:03 - INFO - HHH000204: Processing PersistenceUnitInfo [name: default]
2022-09-10 13:03:03 - INFO - HHH000412: Hibernate ORM core version 5.6.10.Final
2022-09-10 13:03:03 - INFO - HCANN000001: Hibernate Commons Annotations {5.1.2.Final}
2022-09-10 13:03:03 - INFO - HikariPool-1 - Starting...
2022-09-10 13:03:03 - INFO - HikariPool-1 - Start completed.
2022-09-10 13:03:03 - INFO - HHH000400: Using dialect: org.hibernate.dialect.MySQL5InnoDBDialect
2022-09-10 13:03:04 - INFO - HHH000490: Using JtaPlatform implementation: [org.hibernate.engine.transaction.jta.platform.internal.NoJtaPlatform]
2022-09-10 13:03:05 - INFO - Started ContactAppRestApiApplication in 5.19 seconds (JVM running for 5.614)
2022-09-10 13:03:13 - INFO - Initializing Spring DispatcherServlet 'dispatcherServlet'
2022-09-10 13:03:13 - ERROR - Contact does not exist
2022-09-10 13:03:16 - ERROR - Contact does not exist
2022-09-10 13:03:31 - ERROR - Contact does not exist
2022-09-10 13:03:40 - ERROR - Contact does not exist
2022-09-10 13:05:11 - INFO - HikariPool-1 - Shutdown initiated...
2022-09-10 13:05:11 - INFO - HikariPool-1 - Shutdown completed.
2022-09-10 13:05:16 - INFO - Starting ContactAppRestApiApplication using Java 18.0.2 on DELL-C2HFFL3 with PID 22204 (D:\sample-app\contact-app-api\target\classes started by Administrator in D:\sample-app\contact-app-api)
2022-09-10 13:05:16 - INFO - No active profile set, falling back to 1 default profile: "default"
2022-09-10 13:05:18 - INFO - Starting service [Tomcat]
2022-09-10 13:05:18 - INFO - Starting Servlet engine: [Apache Tomcat/9.0.65]
2022-09-10 13:05:18 - INFO - Initializing Spring embedded WebApplicationContext
2022-09-10 13:05:18 - INFO - HHH000204: Processing PersistenceUnitInfo [name: default]
2022-09-10 13:05:18 - INFO - HHH000412: Hibernate ORM core version 5.6.10.Final
2022-09-10 13:05:18 - INFO - HCANN000001: Hibernate Commons Annotations {5.1.2.Final}
2022-09-10 13:05:18 - INFO - HikariPool-1 - Starting...
2022-09-10 13:05:19 - INFO - HikariPool-1 - Start completed.
2022-09-10 13:05:19 - INFO - HHH000400: Using dialect: org.hibernate.dialect.MySQL5InnoDBDialect
2022-09-10 13:05:19 - INFO - HHH000490: Using JtaPlatform implementation: [org.hibernate.engine.transaction.jta.platform.internal.NoJtaPlatform]
2022-09-10 13:05:20 - INFO - Started ContactAppRestApiApplication in 4.264 seconds (JVM running for 4.641)
2022-09-10 13:05:21 - INFO - Initializing Spring DispatcherServlet 'dispatcherServlet'
2022-09-10 13:05:43 - ERROR - Contact does not exist
2022-09-10 13:37:18 - INFO - HikariPool-1 - Shutdown initiated...
2022-09-10 13:37:18 - INFO - HikariPool-1 - Shutdown completed.
2022-09-10 13:37:23 - INFO - Starting ContactAppRestApiApplication using Java 18.0.2 on DELL-C2HFFL3 with PID 3084 (D:\sample-app\contact-app-api\target\classes started by Administrator in D:\sample-app\contact-app-api)
2022-09-10 13:37:23 - INFO - No active profile set, falling back to 1 default profile: "default"
2022-09-10 13:37:24 - INFO - Starting service [Tomcat]
2022-09-10 13:37:24 - INFO - Starting Servlet engine: [Apache Tomcat/9.0.65]
2022-09-10 13:37:24 - INFO - Initializing Spring embedded WebApplicationContext
2022-09-10 13:37:24 - INFO - HHH000204: Processing PersistenceUnitInfo [name: default]
2022-09-10 13:37:24 - INFO - HHH000412: Hibernate ORM core version 5.6.10.Final
2022-09-10 13:37:25 - INFO - HCANN000001: Hibernate Commons Annotations {5.1.2.Final}
2022-09-10 13:37:25 - INFO - HikariPool-1 - Starting...
2022-09-10 13:37:25 - INFO - HikariPool-1 - Start completed.
2022-09-10 13:37:25 - INFO - HHH000400: Using dialect: org.hibernate.dialect.MySQL5InnoDBDialect
2022-09-10 13:37:25 - INFO - HHH000182: No default (no-argument) constructor for class: com.harsha.demo.model.ContactUser (class must be instantiated by Interceptor)
2022-09-10 13:37:26 - INFO - HHH000490: Using JtaPlatform implementation: [org.hibernate.engine.transaction.jta.platform.internal.NoJtaPlatform]
2022-09-10 13:37:27 - INFO - Stopping service [Tomcat]
2022-09-10 13:37:27 - ERROR - Application run failed
com.harsha.demo.exception.ResourceNotFoundException: User does not exist
	at com.harsha.demo.dataloader.SetupDataLoader.lambda$createUserIfNotFound$0(SetupDataLoader.java:63)
	at java.base/java.util.Optional.orElseThrow(Optional.java:403)
	at com.harsha.demo.dataloader.SetupDataLoader.createUserIfNotFound(SetupDataLoader.java:63)
	at com.harsha.demo.dataloader.SetupDataLoader.onApplicationEvent(SetupDataLoader.java:44)
	at com.harsha.demo.dataloader.SetupDataLoader.onApplicationEvent(SetupDataLoader.java:18)
	at com.harsha.demo.dataloader.SetupDataLoader$$FastClassBySpringCGLIB$$d96db866.invoke(<generated>)
	at org.springframework.cglib.proxy.MethodProxy.invoke(MethodProxy.java:218)
	at org.springframework.aop.framework.CglibAopProxy$CglibMethodInvocation.invokeJoinpoint(CglibAopProxy.java:793)
	at org.springframework.aop.framework.ReflectiveMethodInvocation.proceed(ReflectiveMethodInvocation.java:163)
	at org.springframework.aop.framework.CglibAopProxy$CglibMethodInvocation.proceed(CglibAopProxy.java:763)
	at org.springframework.transaction.interceptor.TransactionInterceptor$1.proceedWithInvocation(TransactionInterceptor.java:123)
	at org.springframework.transaction.interceptor.TransactionAspectSupport.invokeWithinTransaction(TransactionAspectSupport.java:388)
	at org.springframework.transaction.interceptor.TransactionInterceptor.invoke(TransactionInterceptor.java:119)
	at org.springframework.aop.framework.ReflectiveMethodInvocation.proceed(ReflectiveMethodInvocation.java:186)
	at org.springframework.aop.framework.CglibAopProxy$CglibMethodInvocation.proceed(CglibAopProxy.java:763)
	at org.springframework.aop.framework.CglibAopProxy$DynamicAdvisedInterceptor.intercept(CglibAopProxy.java:708)
	at com.harsha.demo.dataloader.SetupDataLoader$$EnhancerBySpringCGLIB$$2f364f9a.onApplicationEvent(<generated>)
	at org.springframework.context.event.SimpleApplicationEventMulticaster.doInvokeListener(SimpleApplicationEventMulticaster.java:176)
	at org.springframework.context.event.SimpleApplicationEventMulticaster.invokeListener(SimpleApplicationEventMulticaster.java:169)
	at org.springframework.context.event.SimpleApplicationEventMulticaster.multicastEvent(SimpleApplicationEventMulticaster.java:143)
	at org.springframework.context.support.AbstractApplicationContext.publishEvent(AbstractApplicationContext.java:421)
	at org.springframework.context.support.AbstractApplicationContext.publishEvent(AbstractApplicationContext.java:378)
	at org.springframework.context.support.AbstractApplicationContext.finishRefresh(AbstractApplicationContext.java:938)
	at org.springframework.context.support.AbstractApplicationContext.refresh(AbstractApplicationContext.java:586)
	at org.springframework.boot.web.servlet.context.ServletWebServerApplicationContext.refresh(ServletWebServerApplicationContext.java:147)
	at org.springframework.boot.SpringApplication.refresh(SpringApplication.java:734)
	at org.springframework.boot.SpringApplication.refreshContext(SpringApplication.java:408)
	at org.springframework.boot.SpringApplication.run(SpringApplication.java:308)
	at org.springframework.boot.SpringApplication.run(SpringApplication.java:1306)
	at org.springframework.boot.SpringApplication.run(SpringApplication.java:1295)
	at com.harsha.demo.ContactAppRestApiApplication.main(ContactAppRestApiApplication.java:10)
2022-09-10 13:37:27 - INFO - HikariPool-1 - Shutdown initiated...
2022-09-10 13:37:27 - INFO - HikariPool-1 - Shutdown completed.
2022-09-10 13:40:15 - INFO - Starting ContactAppRestApiApplication using Java 18.0.2 on DELL-C2HFFL3 with PID 13036 (D:\sample-app\contact-app-api\target\classes started by Administrator in D:\sample-app\contact-app-api)
2022-09-10 13:40:15 - INFO - No active profile set, falling back to 1 default profile: "default"
2022-09-10 13:40:16 - INFO - Starting service [Tomcat]
2022-09-10 13:40:16 - INFO - Starting Servlet engine: [Apache Tomcat/9.0.65]
2022-09-10 13:40:16 - INFO - Initializing Spring embedded WebApplicationContext
2022-09-10 13:40:16 - INFO - HHH000204: Processing PersistenceUnitInfo [name: default]
2022-09-10 13:40:17 - INFO - HHH000412: Hibernate ORM core version 5.6.10.Final
2022-09-10 13:40:17 - INFO - HCANN000001: Hibernate Commons Annotations {5.1.2.Final}
2022-09-10 13:40:17 - INFO - HikariPool-1 - Starting...
2022-09-10 13:40:17 - INFO - HikariPool-1 - Start completed.
2022-09-10 13:40:17 - INFO - HHH000400: Using dialect: org.hibernate.dialect.MySQL5InnoDBDialect
2022-09-10 13:40:17 - INFO - HHH000182: No default (no-argument) constructor for class: com.harsha.demo.model.ContactUser (class must be instantiated by Interceptor)
2022-09-10 13:40:18 - INFO - HHH000490: Using JtaPlatform implementation: [org.hibernate.engine.transaction.jta.platform.internal.NoJtaPlatform]
2022-09-10 13:40:18 - INFO - Started ContactAppRestApiApplication in 4.461 seconds (JVM running for 4.973)
2022-09-10 13:40:22 - INFO - Initializing Spring DispatcherServlet 'dispatcherServlet'
2022-09-10 13:40:22 - ERROR - No default constructor for entity:  : com.harsha.demo.model.ContactUser; nested exception is org.hibernate.InstantiationException: No default constructor for entity:  : com.harsha.demo.model.ContactUser
2022-09-10 13:40:34 - INFO - HikariPool-1 - Shutdown initiated...
2022-09-10 13:40:34 - INFO - HikariPool-1 - Shutdown completed.
2022-09-10 13:40:38 - INFO - Starting ContactAppRestApiApplication using Java 18.0.2 on DELL-C2HFFL3 with PID 5012 (D:\sample-app\contact-app-api\target\classes started by Administrator in D:\sample-app\contact-app-api)
2022-09-10 13:40:38 - INFO - No active profile set, falling back to 1 default profile: "default"
2022-09-10 13:40:39 - INFO - Starting service [Tomcat]
2022-09-10 13:40:39 - INFO - Starting Servlet engine: [Apache Tomcat/9.0.65]
2022-09-10 13:40:40 - INFO - Initializing Spring embedded WebApplicationContext
2022-09-10 13:40:40 - INFO - HHH000204: Processing PersistenceUnitInfo [name: default]
2022-09-10 13:40:40 - INFO - HHH000412: Hibernate ORM core version 5.6.10.Final
2022-09-10 13:40:40 - INFO - HCANN000001: Hibernate Commons Annotations {5.1.2.Final}
2022-09-10 13:40:40 - INFO - HikariPool-1 - Starting...
2022-09-10 13:40:40 - INFO - HikariPool-1 - Start completed.
2022-09-10 13:40:40 - INFO - HHH000400: Using dialect: org.hibernate.dialect.MySQL5InnoDBDialect
2022-09-10 13:40:41 - INFO - HHH000490: Using JtaPlatform implementation: [org.hibernate.engine.transaction.jta.platform.internal.NoJtaPlatform]
2022-09-10 13:40:42 - INFO - Started ContactAppRestApiApplication in 3.831 seconds (JVM running for 4.168)
2022-09-10 13:40:50 - INFO - Initializing Spring DispatcherServlet 'dispatcherServlet'
2022-09-10 13:41:41 - INFO - HikariPool-1 - Shutdown initiated...
2022-09-10 13:41:41 - INFO - HikariPool-1 - Shutdown completed.
2022-09-10 13:41:46 - INFO - Starting ContactAppRestApiApplication using Java 18.0.2 on DELL-C2HFFL3 with PID 21040 (D:\sample-app\contact-app-api\target\classes started by Administrator in D:\sample-app\contact-app-api)
2022-09-10 13:41:46 - INFO - No active profile set, falling back to 1 default profile: "default"
2022-09-10 13:41:48 - INFO - Starting service [Tomcat]
2022-09-10 13:41:48 - INFO - Starting Servlet engine: [Apache Tomcat/9.0.65]
2022-09-10 13:41:48 - INFO - Initializing Spring embedded WebApplicationContext
2022-09-10 13:41:48 - INFO - HHH000204: Processing PersistenceUnitInfo [name: default]
2022-09-10 13:41:48 - INFO - HHH000412: Hibernate ORM core version 5.6.10.Final
2022-09-10 13:41:48 - INFO - HCANN000001: Hibernate Commons Annotations {5.1.2.Final}
2022-09-10 13:41:48 - INFO - HikariPool-1 - Starting...
2022-09-10 13:41:48 - INFO - HikariPool-1 - Start completed.
2022-09-10 13:41:48 - INFO - HHH000400: Using dialect: org.hibernate.dialect.MySQL5InnoDBDialect
2022-09-10 13:41:49 - INFO - HHH000490: Using JtaPlatform implementation: [org.hibernate.engine.transaction.jta.platform.internal.NoJtaPlatform]
2022-09-10 13:41:50 - INFO - Started ContactAppRestApiApplication in 4.081 seconds (JVM running for 4.421)
2022-09-10 13:41:53 - INFO - Initializing Spring DispatcherServlet 'dispatcherServlet'
2022-09-10 13:42:00 - ERROR - Access is denied
2022-09-10 13:42:10 - INFO - HikariPool-1 - Shutdown initiated...
2022-09-10 13:42:10 - INFO - HikariPool-1 - Shutdown completed.
2022-09-10 13:42:14 - INFO - Starting ContactAppRestApiApplication using Java 18.0.2 on DELL-C2HFFL3 with PID 21236 (D:\sample-app\contact-app-api\target\classes started by Administrator in D:\sample-app\contact-app-api)
2022-09-10 13:42:14 - INFO - No active profile set, falling back to 1 default profile: "default"
2022-09-10 13:42:15 - INFO - Starting service [Tomcat]
2022-09-10 13:42:15 - INFO - Starting Servlet engine: [Apache Tomcat/9.0.65]
2022-09-10 13:42:16 - INFO - Initializing Spring embedded WebApplicationContext
2022-09-10 13:42:16 - INFO - HHH000204: Processing PersistenceUnitInfo [name: default]
2022-09-10 13:42:16 - INFO - HHH000412: Hibernate ORM core version 5.6.10.Final
2022-09-10 13:42:16 - INFO - HCANN000001: Hibernate Commons Annotations {5.1.2.Final}
2022-09-10 13:42:16 - INFO - HikariPool-1 - Starting...
2022-09-10 13:42:16 - INFO - HikariPool-1 - Start completed.
2022-09-10 13:42:16 - INFO - HHH000400: Using dialect: org.hibernate.dialect.MySQL5InnoDBDialect
2022-09-10 13:42:17 - INFO - HHH000490: Using JtaPlatform implementation: [org.hibernate.engine.transaction.jta.platform.internal.NoJtaPlatform]
2022-09-10 13:42:18 - INFO - Started ContactAppRestApiApplication in 3.907 seconds (JVM running for 4.248)
2022-09-10 13:42:19 - INFO - Initializing Spring DispatcherServlet 'dispatcherServlet'
2022-09-10 13:43:48 - INFO - HikariPool-1 - Shutdown initiated...
2022-09-10 13:43:48 - INFO - HikariPool-1 - Shutdown completed.
2022-09-10 13:43:53 - INFO - Starting ContactAppRestApiApplication using Java 18.0.2 on DELL-C2HFFL3 with PID 16900 (D:\sample-app\contact-app-api\target\classes started by Administrator in D:\sample-app\contact-app-api)
2022-09-10 13:43:53 - INFO - No active profile set, falling back to 1 default profile: "default"
2022-09-10 13:43:54 - INFO - Starting service [Tomcat]
2022-09-10 13:43:54 - INFO - Starting Servlet engine: [Apache Tomcat/9.0.65]
2022-09-10 13:43:54 - INFO - Initializing Spring embedded WebApplicationContext
2022-09-10 13:43:55 - INFO - HHH000204: Processing PersistenceUnitInfo [name: default]
2022-09-10 13:43:55 - INFO - HHH000412: Hibernate ORM core version 5.6.10.Final
2022-09-10 13:43:55 - INFO - HCANN000001: Hibernate Commons Annotations {5.1.2.Final}
2022-09-10 13:43:55 - INFO - HikariPool-1 - Starting...
2022-09-10 13:43:55 - INFO - HikariPool-1 - Start completed.
2022-09-10 13:43:55 - INFO - HHH000400: Using dialect: org.hibernate.dialect.MySQL5InnoDBDialect
2022-09-10 13:43:56 - INFO - HHH000490: Using JtaPlatform implementation: [org.hibernate.engine.transaction.jta.platform.internal.NoJtaPlatform]
2022-09-10 13:43:56 - INFO - HikariPool-1 - Shutdown initiated...
2022-09-10 13:43:56 - INFO - HikariPool-1 - Shutdown completed.
2022-09-10 13:43:56 - INFO - Stopping service [Tomcat]
2022-09-10 13:43:56 - ERROR - Application run failed
org.springframework.beans.factory.UnsatisfiedDependencyException: Error creating bean with name 'contactController': Unsatisfied dependency expressed through field 'contactService'; nested exception is org.springframework.beans.factory.UnsatisfiedDependencyException: Error creating bean with name 'contactService': Unsatisfied dependency expressed through field 'contactRepository'; nested exception is org.springframework.beans.factory.BeanCreationException: Error creating bean with name 'contactRepository' defined in com.harsha.demo.repository.ContactRepository defined in @EnableJpaRepositories declared on JpaRepositoriesRegistrar.EnableJpaRepositoriesConfiguration: Invocation of init method failed; nested exception is org.springframework.data.repository.query.QueryCreationException: Could not create query for public abstract java.util.Optional com.harsha.demo.repository.ContactRepository.findByName(); Reason: Failed to create query for method public abstract java.util.Optional com.harsha.demo.repository.ContactRepository.findByName()! Method public abstract java.util.Optional com.harsha.demo.repository.ContactRepository.findByName() expects at least 1 arguments but only found 0. This leaves an operator of type SIMPLE_PROPERTY for property name unbound.; nested exception is java.lang.IllegalArgumentException: Failed to create query for method public abstract java.util.Optional com.harsha.demo.repository.ContactRepository.findByName()! Method public abstract java.util.Optional com.harsha.demo.repository.ContactRepository.findByName() expects at least 1 arguments but only found 0. This leaves an operator of type SIMPLE_PROPERTY for property name unbound.
	at org.springframework.beans.factory.annotation.AutowiredAnnotationBeanPostProcessor$AutowiredFieldElement.resolveFieldValue(AutowiredAnnotationBeanPostProcessor.java:659)
	at org.springframework.beans.factory.annotation.AutowiredAnnotationBeanPostProcessor$AutowiredFieldElement.inject(AutowiredAnnotationBeanPostProcessor.java:639)
	at org.springframework.beans.factory.annotation.InjectionMetadata.inject(InjectionMetadata.java:119)
	at org.springframework.beans.factory.annotation.AutowiredAnnotationBeanPostProcessor.postProcessProperties(AutowiredAnnotationBeanPostProcessor.java:399)
	at org.springframework.beans.factory.support.AbstractAutowireCapableBeanFactory.populateBean(AbstractAutowireCapableBeanFactory.java:1431)
	at org.springframework.beans.factory.support.AbstractAutowireCapableBeanFactory.doCreateBean(AbstractAutowireCapableBeanFactory.java:619)
	at org.springframework.beans.factory.support.AbstractAutowireCapableBeanFactory.createBean(AbstractAutowireCapableBeanFactory.java:542)
	at org.springframework.beans.factory.support.AbstractBeanFactory.lambda$doGetBean$0(AbstractBeanFactory.java:335)
	at org.springframework.beans.factory.support.DefaultSingletonBeanRegistry.getSingleton(DefaultSingletonBeanRegistry.java:234)
	at org.springframework.beans.factory.support.AbstractBeanFactory.doGetBean(AbstractBeanFactory.java:333)
	at org.springframework.beans.factory.support.AbstractBeanFactory.getBean(AbstractBeanFactory.java:208)
	at org.springframework.beans.factory.support.DefaultListableBeanFactory.preInstantiateSingletons(DefaultListableBeanFactory.java:955)
	at org.springframework.context.support.AbstractApplicationContext.finishBeanFactoryInitialization(AbstractApplicationContext.java:918)
	at org.springframework.context.support.AbstractApplicationContext.refresh(AbstractApplicationContext.java:583)
	at org.springframework.boot.web.servlet.context.ServletWebServerApplicationContext.refresh(ServletWebServerApplicationContext.java:147)
	at org.springframework.boot.SpringApplication.refresh(SpringApplication.java:734)
	at org.springframework.boot.SpringApplication.refreshContext(SpringApplication.java:408)
	at org.springframework.boot.SpringApplication.run(SpringApplication.java:308)
	at org.springframework.boot.SpringApplication.run(SpringApplication.java:1306)
	at org.springframework.boot.SpringApplication.run(SpringApplication.java:1295)
	at com.harsha.demo.ContactAppRestApiApplication.main(ContactAppRestApiApplication.java:10)
Caused by: org.springframework.beans.factory.UnsatisfiedDependencyException: Error creating bean with name 'contactService': Unsatisfied dependency expressed through field 'contactRepository'; nested exception is org.springframework.beans.factory.BeanCreationException: Error creating bean with name 'contactRepository' defined in com.harsha.demo.repository.ContactRepository defined in @EnableJpaRepositories declared on JpaRepositoriesRegistrar.EnableJpaRepositoriesConfiguration: Invocation of init method failed; nested exception is org.springframework.data.repository.query.QueryCreationException: Could not create query for public abstract java.util.Optional com.harsha.demo.repository.ContactRepository.findByName(); Reason: Failed to create query for method public abstract java.util.Optional com.harsha.demo.repository.ContactRepository.findByName()! Method public abstract java.util.Optional com.harsha.demo.repository.ContactRepository.findByName() expects at least 1 arguments but only found 0. This leaves an operator of type SIMPLE_PROPERTY for property name unbound.; nested exception is java.lang.IllegalArgumentException: Failed to create query for method public abstract java.util.Optional com.harsha.demo.repository.ContactRepository.findByName()! Method public abstract java.util.Optional com.harsha.demo.repository.ContactRepository.findByName() expects at least 1 arguments but only found 0. This leaves an operator of type SIMPLE_PROPERTY for property name unbound.
	at org.springframework.beans.factory.annotation.AutowiredAnnotationBeanPostProcessor$AutowiredFieldElement.resolveFieldValue(AutowiredAnnotationBeanPostProcessor.java:659)
	at org.springframework.beans.factory.annotation.AutowiredAnnotationBeanPostProcessor$AutowiredFieldElement.inject(AutowiredAnnotationBeanPostProcessor.java:639)
	at org.springframework.beans.factory.annotation.InjectionMetadata.inject(InjectionMetadata.java:119)
	at org.springframework.beans.factory.annotation.AutowiredAnnotationBeanPostProcessor.postProcessProperties(AutowiredAnnotationBeanPostProcessor.java:399)
	at org.springframework.beans.factory.support.AbstractAutowireCapableBeanFactory.populateBean(AbstractAutowireCapableBeanFactory.java:1431)
	at org.springframework.beans.factory.support.AbstractAutowireCapableBeanFactory.doCreateBean(AbstractAutowireCapableBeanFactory.java:619)
	at org.springframework.beans.factory.support.AbstractAutowireCapableBeanFactory.createBean(AbstractAutowireCapableBeanFactory.java:542)
	at org.springframework.beans.factory.support.AbstractBeanFactory.lambda$doGetBean$0(AbstractBeanFactory.java:335)
	at org.springframework.beans.factory.support.DefaultSingletonBeanRegistry.getSingleton(DefaultSingletonBeanRegistry.java:234)
	at org.springframework.beans.factory.support.AbstractBeanFactory.doGetBean(AbstractBeanFactory.java:333)
	at org.springframework.beans.factory.support.AbstractBeanFactory.getBean(AbstractBeanFactory.java:208)
	at org.springframework.beans.factory.config.DependencyDescriptor.resolveCandidate(DependencyDescriptor.java:276)
	at org.springframework.beans.factory.support.DefaultListableBeanFactory.doResolveDependency(DefaultListableBeanFactory.java:1391)
	at org.springframework.beans.factory.support.DefaultListableBeanFactory.resolveDependency(DefaultListableBeanFactory.java:1311)
	at org.springframework.beans.factory.annotation.AutowiredAnnotationBeanPostProcessor$AutowiredFieldElement.resolveFieldValue(AutowiredAnnotationBeanPostProcessor.java:656)
	... 20 common frames omitted
Caused by: org.springframework.beans.factory.BeanCreationException: Error creating bean with name 'contactRepository' defined in com.harsha.demo.repository.ContactRepository defined in @EnableJpaRepositories declared on JpaRepositoriesRegistrar.EnableJpaRepositoriesConfiguration: Invocation of init method failed; nested exception is org.springframework.data.repository.query.QueryCreationException: Could not create query for public abstract java.util.Optional com.harsha.demo.repository.ContactRepository.findByName(); Reason: Failed to create query for method public abstract java.util.Optional com.harsha.demo.repository.ContactRepository.findByName()! Method public abstract java.util.Optional com.harsha.demo.repository.ContactRepository.findByName() expects at least 1 arguments but only found 0. This leaves an operator of type SIMPLE_PROPERTY for property name unbound.; nested exception is java.lang.IllegalArgumentException: Failed to create query for method public abstract java.util.Optional com.harsha.demo.repository.ContactRepository.findByName()! Method public abstract java.util.Optional com.harsha.demo.repository.ContactRepository.findByName() expects at least 1 arguments but only found 0. This leaves an operator of type SIMPLE_PROPERTY for property name unbound.
	at org.springframework.beans.factory.support.AbstractAutowireCapableBeanFactory.initializeBean(AbstractAutowireCapableBeanFactory.java:1804)
	at org.springframework.beans.factory.support.AbstractAutowireCapableBeanFactory.doCreateBean(AbstractAutowireCapableBeanFactory.java:620)
	at org.springframework.beans.factory.support.AbstractAutowireCapableBeanFactory.createBean(AbstractAutowireCapableBeanFactory.java:542)
	at org.springframework.beans.factory.support.AbstractBeanFactory.lambda$doGetBean$0(AbstractBeanFactory.java:335)
	at org.springframework.beans.factory.support.DefaultSingletonBeanRegistry.getSingleton(DefaultSingletonBeanRegistry.java:234)
	at org.springframework.beans.factory.support.AbstractBeanFactory.doGetBean(AbstractBeanFactory.java:333)
	at org.springframework.beans.factory.support.AbstractBeanFactory.getBean(AbstractBeanFactory.java:208)
	at org.springframework.beans.factory.config.DependencyDescriptor.resolveCandidate(DependencyDescriptor.java:276)
	at org.springframework.beans.factory.support.DefaultListableBeanFactory.doResolveDependency(DefaultListableBeanFactory.java:1391)
	at org.springframework.beans.factory.support.DefaultListableBeanFactory.resolveDependency(DefaultListableBeanFactory.java:1311)
	at org.springframework.beans.factory.annotation.AutowiredAnnotationBeanPostProcessor$AutowiredFieldElement.resolveFieldValue(AutowiredAnnotationBeanPostProcessor.java:656)
	... 34 common frames omitted
Caused by: org.springframework.data.repository.query.QueryCreationException: Could not create query for public abstract java.util.Optional com.harsha.demo.repository.ContactRepository.findByName(); Reason: Failed to create query for method public abstract java.util.Optional com.harsha.demo.repository.ContactRepository.findByName()! Method public abstract java.util.Optional com.harsha.demo.repository.ContactRepository.findByName() expects at least 1 arguments but only found 0. This leaves an operator of type SIMPLE_PROPERTY for property name unbound.; nested exception is java.lang.IllegalArgumentException: Failed to create query for method public abstract java.util.Optional com.harsha.demo.repository.ContactRepository.findByName()! Method public abstract java.util.Optional com.harsha.demo.repository.ContactRepository.findByName() expects at least 1 arguments but only found 0. This leaves an operator of type SIMPLE_PROPERTY for property name unbound.
	at org.springframework.data.repository.query.QueryCreationException.create(QueryCreationException.java:101)
	at org.springframework.data.repository.core.support.QueryExecutorMethodInterceptor.lookupQuery(QueryExecutorMethodInterceptor.java:107)
	at org.springframework.data.repository.core.support.QueryExecutorMethodInterceptor.lambda$mapMethodsToQuery$1(QueryExecutorMethodInterceptor.java:95)
	at java.base/java.util.stream.ReferencePipeline$3$1.accept(ReferencePipeline.java:197)
	at java.base/java.util.Iterator.forEachRemaining(Iterator.java:133)
	at java.base/java.util.Collections$UnmodifiableCollection$1.forEachRemaining(Collections.java:1061)
	at java.base/java.util.Spliterators$IteratorSpliterator.forEachRemaining(Spliterators.java:1845)
	at java.base/java.util.stream.AbstractPipeline.copyInto(AbstractPipeline.java:509)
	at java.base/java.util.stream.AbstractPipeline.wrapAndCopyInto(AbstractPipeline.java:499)
	at java.base/java.util.stream.ReduceOps$ReduceOp.evaluateSequential(ReduceOps.java:921)
	at java.base/java.util.stream.AbstractPipeline.evaluate(AbstractPipeline.java:234)
	at java.base/java.util.stream.ReferencePipeline.collect(ReferencePipeline.java:682)
	at org.springframework.data.repository.core.support.QueryExecutorMethodInterceptor.mapMethodsToQuery(QueryExecutorMethodInterceptor.java:97)
	at org.springframework.data.repository.core.support.QueryExecutorMethodInterceptor.lambda$new$0(QueryExecutorMethodInterceptor.java:87)
	at java.base/java.util.Optional.map(Optional.java:260)
	at org.springframework.data.repository.core.support.QueryExecutorMethodInterceptor.<init>(QueryExecutorMethodInterceptor.java:87)
	at org.springframework.data.repository.core.support.RepositoryFactorySupport.getRepository(RepositoryFactorySupport.java:365)
	at org.springframework.data.repository.core.support.RepositoryFactoryBeanSupport.lambda$afterPropertiesSet$5(RepositoryFactoryBeanSupport.java:323)
	at org.springframework.data.util.Lazy.getNullable(Lazy.java:231)
	at org.springframework.data.util.Lazy.get(Lazy.java:115)
	at org.springframework.data.repository.core.support.RepositoryFactoryBeanSupport.afterPropertiesSet(RepositoryFactoryBeanSupport.java:329)
	at org.springframework.data.jpa.repository.support.JpaRepositoryFactoryBean.afterPropertiesSet(JpaRepositoryFactoryBean.java:144)
	at org.springframework.beans.factory.support.AbstractAutowireCapableBeanFactory.invokeInitMethods(AbstractAutowireCapableBeanFactory.java:1863)
	at org.springframework.beans.factory.support.AbstractAutowireCapableBeanFactory.initializeBean(AbstractAutowireCapableBeanFactory.java:1800)
	... 44 common frames omitted
Caused by: java.lang.IllegalArgumentException: Failed to create query for method public abstract java.util.Optional com.harsha.demo.repository.ContactRepository.findByName()! Method public abstract java.util.Optional com.harsha.demo.repository.ContactRepository.findByName() expects at least 1 arguments but only found 0. This leaves an operator of type SIMPLE_PROPERTY for property name unbound.
	at org.springframework.data.jpa.repository.query.PartTreeJpaQuery.<init>(PartTreeJpaQuery.java:96)
	at org.springframework.data.jpa.repository.query.JpaQueryLookupStrategy$CreateQueryLookupStrategy.resolveQuery(JpaQueryLookupStrategy.java:119)
	at org.springframework.data.jpa.repository.query.JpaQueryLookupStrategy$CreateIfNotFoundQueryLookupStrategy.resolveQuery(JpaQueryLookupStrategy.java:259)
	at org.springframework.data.jpa.repository.query.JpaQueryLookupStrategy$AbstractQueryLookupStrategy.resolveQuery(JpaQueryLookupStrategy.java:93)
	at org.springframework.data.repository.core.support.QueryExecutorMethodInterceptor.lookupQuery(QueryExecutorMethodInterceptor.java:103)
	... 66 common frames omitted
Caused by: java.lang.IllegalStateException: Method public abstract java.util.Optional com.harsha.demo.repository.ContactRepository.findByName() expects at least 1 arguments but only found 0. This leaves an operator of type SIMPLE_PROPERTY for property name unbound.
	at org.springframework.data.jpa.repository.query.PartTreeJpaQuery.throwExceptionOnArgumentMismatch(PartTreeJpaQuery.java:161)
	at org.springframework.data.jpa.repository.query.PartTreeJpaQuery.validate(PartTreeJpaQuery.java:147)
	at org.springframework.data.jpa.repository.query.PartTreeJpaQuery.<init>(PartTreeJpaQuery.java:90)
	... 70 common frames omitted
2022-09-10 13:44:19 - INFO - Starting ContactAppRestApiApplication using Java 18.0.2 on DELL-C2HFFL3 with PID 16576 (D:\sample-app\contact-app-api\target\classes started by Administrator in D:\sample-app\contact-app-api)
2022-09-10 13:44:19 - INFO - No active profile set, falling back to 1 default profile: "default"
2022-09-10 13:44:21 - INFO - Starting service [Tomcat]
2022-09-10 13:44:21 - INFO - Starting Servlet engine: [Apache Tomcat/9.0.65]
2022-09-10 13:44:21 - INFO - Initializing Spring embedded WebApplicationContext
2022-09-10 13:44:22 - INFO - HHH000204: Processing PersistenceUnitInfo [name: default]
2022-09-10 13:44:22 - INFO - HHH000412: Hibernate ORM core version 5.6.10.Final
2022-09-10 13:44:22 - INFO - HCANN000001: Hibernate Commons Annotations {5.1.2.Final}
2022-09-10 13:44:22 - INFO - HikariPool-1 - Starting...
2022-09-10 13:44:22 - INFO - HikariPool-1 - Start completed.
2022-09-10 13:44:22 - INFO - HHH000400: Using dialect: org.hibernate.dialect.MySQL5InnoDBDialect
2022-09-10 13:44:23 - INFO - HHH000490: Using JtaPlatform implementation: [org.hibernate.engine.transaction.jta.platform.internal.NoJtaPlatform]
2022-09-10 13:44:23 - INFO - HikariPool-1 - Shutdown initiated...
2022-09-10 13:44:23 - INFO - HikariPool-1 - Shutdown completed.
2022-09-10 13:44:23 - INFO - Stopping service [Tomcat]
2022-09-10 13:44:23 - ERROR - Application run failed
org.springframework.beans.factory.UnsatisfiedDependencyException: Error creating bean with name 'contactController': Unsatisfied dependency expressed through field 'contactService'; nested exception is org.springframework.beans.factory.UnsatisfiedDependencyException: Error creating bean with name 'contactService': Unsatisfied dependency expressed through field 'contactRepository'; nested exception is org.springframework.beans.factory.BeanCreationException: Error creating bean with name 'contactRepository' defined in com.harsha.demo.repository.ContactRepository defined in @EnableJpaRepositories declared on JpaRepositoriesRegistrar.EnableJpaRepositoriesConfiguration: Invocation of init method failed; nested exception is org.springframework.data.repository.query.QueryCreationException: Could not create query for public abstract java.util.Optional com.harsha.demo.repository.ContactRepository.findByName(); Reason: Failed to create query for method public abstract java.util.Optional com.harsha.demo.repository.ContactRepository.findByName()! Method public abstract java.util.Optional com.harsha.demo.repository.ContactRepository.findByName() expects at least 1 arguments but only found 0. This leaves an operator of type SIMPLE_PROPERTY for property name unbound.; nested exception is java.lang.IllegalArgumentException: Failed to create query for method public abstract java.util.Optional com.harsha.demo.repository.ContactRepository.findByName()! Method public abstract java.util.Optional com.harsha.demo.repository.ContactRepository.findByName() expects at least 1 arguments but only found 0. This leaves an operator of type SIMPLE_PROPERTY for property name unbound.
	at org.springframework.beans.factory.annotation.AutowiredAnnotationBeanPostProcessor$AutowiredFieldElement.resolveFieldValue(AutowiredAnnotationBeanPostProcessor.java:659)
	at org.springframework.beans.factory.annotation.AutowiredAnnotationBeanPostProcessor$AutowiredFieldElement.inject(AutowiredAnnotationBeanPostProcessor.java:639)
	at org.springframework.beans.factory.annotation.InjectionMetadata.inject(InjectionMetadata.java:119)
	at org.springframework.beans.factory.annotation.AutowiredAnnotationBeanPostProcessor.postProcessProperties(AutowiredAnnotationBeanPostProcessor.java:399)
	at org.springframework.beans.factory.support.AbstractAutowireCapableBeanFactory.populateBean(AbstractAutowireCapableBeanFactory.java:1431)
	at org.springframework.beans.factory.support.AbstractAutowireCapableBeanFactory.doCreateBean(AbstractAutowireCapableBeanFactory.java:619)
	at org.springframework.beans.factory.support.AbstractAutowireCapableBeanFactory.createBean(AbstractAutowireCapableBeanFactory.java:542)
	at org.springframework.beans.factory.support.AbstractBeanFactory.lambda$doGetBean$0(AbstractBeanFactory.java:335)
	at org.springframework.beans.factory.support.DefaultSingletonBeanRegistry.getSingleton(DefaultSingletonBeanRegistry.java:234)
	at org.springframework.beans.factory.support.AbstractBeanFactory.doGetBean(AbstractBeanFactory.java:333)
	at org.springframework.beans.factory.support.AbstractBeanFactory.getBean(AbstractBeanFactory.java:208)
	at org.springframework.beans.factory.support.DefaultListableBeanFactory.preInstantiateSingletons(DefaultListableBeanFactory.java:955)
	at org.springframework.context.support.AbstractApplicationContext.finishBeanFactoryInitialization(AbstractApplicationContext.java:918)
	at org.springframework.context.support.AbstractApplicationContext.refresh(AbstractApplicationContext.java:583)
	at org.springframework.boot.web.servlet.context.ServletWebServerApplicationContext.refresh(ServletWebServerApplicationContext.java:147)
	at org.springframework.boot.SpringApplication.refresh(SpringApplication.java:734)
	at org.springframework.boot.SpringApplication.refreshContext(SpringApplication.java:408)
	at org.springframework.boot.SpringApplication.run(SpringApplication.java:308)
	at org.springframework.boot.SpringApplication.run(SpringApplication.java:1306)
	at org.springframework.boot.SpringApplication.run(SpringApplication.java:1295)
	at com.harsha.demo.ContactAppRestApiApplication.main(ContactAppRestApiApplication.java:10)
Caused by: org.springframework.beans.factory.UnsatisfiedDependencyException: Error creating bean with name 'contactService': Unsatisfied dependency expressed through field 'contactRepository'; nested exception is org.springframework.beans.factory.BeanCreationException: Error creating bean with name 'contactRepository' defined in com.harsha.demo.repository.ContactRepository defined in @EnableJpaRepositories declared on JpaRepositoriesRegistrar.EnableJpaRepositoriesConfiguration: Invocation of init method failed; nested exception is org.springframework.data.repository.query.QueryCreationException: Could not create query for public abstract java.util.Optional com.harsha.demo.repository.ContactRepository.findByName(); Reason: Failed to create query for method public abstract java.util.Optional com.harsha.demo.repository.ContactRepository.findByName()! Method public abstract java.util.Optional com.harsha.demo.repository.ContactRepository.findByName() expects at least 1 arguments but only found 0. This leaves an operator of type SIMPLE_PROPERTY for property name unbound.; nested exception is java.lang.IllegalArgumentException: Failed to create query for method public abstract java.util.Optional com.harsha.demo.repository.ContactRepository.findByName()! Method public abstract java.util.Optional com.harsha.demo.repository.ContactRepository.findByName() expects at least 1 arguments but only found 0. This leaves an operator of type SIMPLE_PROPERTY for property name unbound.
	at org.springframework.beans.factory.annotation.AutowiredAnnotationBeanPostProcessor$AutowiredFieldElement.resolveFieldValue(AutowiredAnnotationBeanPostProcessor.java:659)
	at org.springframework.beans.factory.annotation.AutowiredAnnotationBeanPostProcessor$AutowiredFieldElement.inject(AutowiredAnnotationBeanPostProcessor.java:639)
	at org.springframework.beans.factory.annotation.InjectionMetadata.inject(InjectionMetadata.java:119)
	at org.springframework.beans.factory.annotation.AutowiredAnnotationBeanPostProcessor.postProcessProperties(AutowiredAnnotationBeanPostProcessor.java:399)
	at org.springframework.beans.factory.support.AbstractAutowireCapableBeanFactory.populateBean(AbstractAutowireCapableBeanFactory.java:1431)
	at org.springframework.beans.factory.support.AbstractAutowireCapableBeanFactory.doCreateBean(AbstractAutowireCapableBeanFactory.java:619)
	at org.springframework.beans.factory.support.AbstractAutowireCapableBeanFactory.createBean(AbstractAutowireCapableBeanFactory.java:542)
	at org.springframework.beans.factory.support.AbstractBeanFactory.lambda$doGetBean$0(AbstractBeanFactory.java:335)
	at org.springframework.beans.factory.support.DefaultSingletonBeanRegistry.getSingleton(DefaultSingletonBeanRegistry.java:234)
	at org.springframework.beans.factory.support.AbstractBeanFactory.doGetBean(AbstractBeanFactory.java:333)
	at org.springframework.beans.factory.support.AbstractBeanFactory.getBean(AbstractBeanFactory.java:208)
	at org.springframework.beans.factory.config.DependencyDescriptor.resolveCandidate(DependencyDescriptor.java:276)
	at org.springframework.beans.factory.support.DefaultListableBeanFactory.doResolveDependency(DefaultListableBeanFactory.java:1391)
	at org.springframework.beans.factory.support.DefaultListableBeanFactory.resolveDependency(DefaultListableBeanFactory.java:1311)
	at org.springframework.beans.factory.annotation.AutowiredAnnotationBeanPostProcessor$AutowiredFieldElement.resolveFieldValue(AutowiredAnnotationBeanPostProcessor.java:656)
	... 20 common frames omitted
Caused by: org.springframework.beans.factory.BeanCreationException: Error creating bean with name 'contactRepository' defined in com.harsha.demo.repository.ContactRepository defined in @EnableJpaRepositories declared on JpaRepositoriesRegistrar.EnableJpaRepositoriesConfiguration: Invocation of init method failed; nested exception is org.springframework.data.repository.query.QueryCreationException: Could not create query for public abstract java.util.Optional com.harsha.demo.repository.ContactRepository.findByName(); Reason: Failed to create query for method public abstract java.util.Optional com.harsha.demo.repository.ContactRepository.findByName()! Method public abstract java.util.Optional com.harsha.demo.repository.ContactRepository.findByName() expects at least 1 arguments but only found 0. This leaves an operator of type SIMPLE_PROPERTY for property name unbound.; nested exception is java.lang.IllegalArgumentException: Failed to create query for method public abstract java.util.Optional com.harsha.demo.repository.ContactRepository.findByName()! Method public abstract java.util.Optional com.harsha.demo.repository.ContactRepository.findByName() expects at least 1 arguments but only found 0. This leaves an operator of type SIMPLE_PROPERTY for property name unbound.
	at org.springframework.beans.factory.support.AbstractAutowireCapableBeanFactory.initializeBean(AbstractAutowireCapableBeanFactory.java:1804)
	at org.springframework.beans.factory.support.AbstractAutowireCapableBeanFactory.doCreateBean(AbstractAutowireCapableBeanFactory.java:620)
	at org.springframework.beans.factory.support.AbstractAutowireCapableBeanFactory.createBean(AbstractAutowireCapableBeanFactory.java:542)
	at org.springframework.beans.factory.support.AbstractBeanFactory.lambda$doGetBean$0(AbstractBeanFactory.java:335)
	at org.springframework.beans.factory.support.DefaultSingletonBeanRegistry.getSingleton(DefaultSingletonBeanRegistry.java:234)
	at org.springframework.beans.factory.support.AbstractBeanFactory.doGetBean(AbstractBeanFactory.java:333)
	at org.springframework.beans.factory.support.AbstractBeanFactory.getBean(AbstractBeanFactory.java:208)
	at org.springframework.beans.factory.config.DependencyDescriptor.resolveCandidate(DependencyDescriptor.java:276)
	at org.springframework.beans.factory.support.DefaultListableBeanFactory.doResolveDependency(DefaultListableBeanFactory.java:1391)
	at org.springframework.beans.factory.support.DefaultListableBeanFactory.resolveDependency(DefaultListableBeanFactory.java:1311)
	at org.springframework.beans.factory.annotation.AutowiredAnnotationBeanPostProcessor$AutowiredFieldElement.resolveFieldValue(AutowiredAnnotationBeanPostProcessor.java:656)
	... 34 common frames omitted
Caused by: org.springframework.data.repository.query.QueryCreationException: Could not create query for public abstract java.util.Optional com.harsha.demo.repository.ContactRepository.findByName(); Reason: Failed to create query for method public abstract java.util.Optional com.harsha.demo.repository.ContactRepository.findByName()! Method public abstract java.util.Optional com.harsha.demo.repository.ContactRepository.findByName() expects at least 1 arguments but only found 0. This leaves an operator of type SIMPLE_PROPERTY for property name unbound.; nested exception is java.lang.IllegalArgumentException: Failed to create query for method public abstract java.util.Optional com.harsha.demo.repository.ContactRepository.findByName()! Method public abstract java.util.Optional com.harsha.demo.repository.ContactRepository.findByName() expects at least 1 arguments but only found 0. This leaves an operator of type SIMPLE_PROPERTY for property name unbound.
	at org.springframework.data.repository.query.QueryCreationException.create(QueryCreationException.java:101)
	at org.springframework.data.repository.core.support.QueryExecutorMethodInterceptor.lookupQuery(QueryExecutorMethodInterceptor.java:107)
	at org.springframework.data.repository.core.support.QueryExecutorMethodInterceptor.lambda$mapMethodsToQuery$1(QueryExecutorMethodInterceptor.java:95)
	at java.base/java.util.stream.ReferencePipeline$3$1.accept(ReferencePipeline.java:197)
	at java.base/java.util.Iterator.forEachRemaining(Iterator.java:133)
	at java.base/java.util.Collections$UnmodifiableCollection$1.forEachRemaining(Collections.java:1061)
	at java.base/java.util.Spliterators$IteratorSpliterator.forEachRemaining(Spliterators.java:1845)
	at java.base/java.util.stream.AbstractPipeline.copyInto(AbstractPipeline.java:509)
	at java.base/java.util.stream.AbstractPipeline.wrapAndCopyInto(AbstractPipeline.java:499)
	at java.base/java.util.stream.ReduceOps$ReduceOp.evaluateSequential(ReduceOps.java:921)
	at java.base/java.util.stream.AbstractPipeline.evaluate(AbstractPipeline.java:234)
	at java.base/java.util.stream.ReferencePipeline.collect(ReferencePipeline.java:682)
	at org.springframework.data.repository.core.support.QueryExecutorMethodInterceptor.mapMethodsToQuery(QueryExecutorMethodInterceptor.java:97)
	at org.springframework.data.repository.core.support.QueryExecutorMethodInterceptor.lambda$new$0(QueryExecutorMethodInterceptor.java:87)
	at java.base/java.util.Optional.map(Optional.java:260)
	at org.springframework.data.repository.core.support.QueryExecutorMethodInterceptor.<init>(QueryExecutorMethodInterceptor.java:87)
	at org.springframework.data.repository.core.support.RepositoryFactorySupport.getRepository(RepositoryFactorySupport.java:365)
	at org.springframework.data.repository.core.support.RepositoryFactoryBeanSupport.lambda$afterPropertiesSet$5(RepositoryFactoryBeanSupport.java:323)
	at org.springframework.data.util.Lazy.getNullable(Lazy.java:231)
	at org.springframework.data.util.Lazy.get(Lazy.java:115)
	at org.springframework.data.repository.core.support.RepositoryFactoryBeanSupport.afterPropertiesSet(RepositoryFactoryBeanSupport.java:329)
	at org.springframework.data.jpa.repository.support.JpaRepositoryFactoryBean.afterPropertiesSet(JpaRepositoryFactoryBean.java:144)
	at org.springframework.beans.factory.support.AbstractAutowireCapableBeanFactory.invokeInitMethods(AbstractAutowireCapableBeanFactory.java:1863)
	at org.springframework.beans.factory.support.AbstractAutowireCapableBeanFactory.initializeBean(AbstractAutowireCapableBeanFactory.java:1800)
	... 44 common frames omitted
Caused by: java.lang.IllegalArgumentException: Failed to create query for method public abstract java.util.Optional com.harsha.demo.repository.ContactRepository.findByName()! Method public abstract java.util.Optional com.harsha.demo.repository.ContactRepository.findByName() expects at least 1 arguments but only found 0. This leaves an operator of type SIMPLE_PROPERTY for property name unbound.
	at org.springframework.data.jpa.repository.query.PartTreeJpaQuery.<init>(PartTreeJpaQuery.java:96)
	at org.springframework.data.jpa.repository.query.JpaQueryLookupStrategy$CreateQueryLookupStrategy.resolveQuery(JpaQueryLookupStrategy.java:119)
	at org.springframework.data.jpa.repository.query.JpaQueryLookupStrategy$CreateIfNotFoundQueryLookupStrategy.resolveQuery(JpaQueryLookupStrategy.java:259)
	at org.springframework.data.jpa.repository.query.JpaQueryLookupStrategy$AbstractQueryLookupStrategy.resolveQuery(JpaQueryLookupStrategy.java:93)
	at org.springframework.data.repository.core.support.QueryExecutorMethodInterceptor.lookupQuery(QueryExecutorMethodInterceptor.java:103)
	... 66 common frames omitted
Caused by: java.lang.IllegalStateException: Method public abstract java.util.Optional com.harsha.demo.repository.ContactRepository.findByName() expects at least 1 arguments but only found 0. This leaves an operator of type SIMPLE_PROPERTY for property name unbound.
	at org.springframework.data.jpa.repository.query.PartTreeJpaQuery.throwExceptionOnArgumentMismatch(PartTreeJpaQuery.java:161)
	at org.springframework.data.jpa.repository.query.PartTreeJpaQuery.validate(PartTreeJpaQuery.java:147)
	at org.springframework.data.jpa.repository.query.PartTreeJpaQuery.<init>(PartTreeJpaQuery.java:90)
	... 70 common frames omitted
2022-09-10 13:45:26 - INFO - Starting ContactAppRestApiApplication using Java 18.0.2 on DELL-C2HFFL3 with PID 13836 (D:\sample-app\contact-app-api\target\classes started by Administrator in D:\sample-app\contact-app-api)
2022-09-10 13:45:26 - INFO - No active profile set, falling back to 1 default profile: "default"
2022-09-10 13:45:28 - INFO - Starting service [Tomcat]
2022-09-10 13:45:28 - INFO - Starting Servlet engine: [Apache Tomcat/9.0.65]
2022-09-10 13:45:29 - INFO - Initializing Spring embedded WebApplicationContext
2022-09-10 13:45:29 - INFO - HHH000204: Processing PersistenceUnitInfo [name: default]
2022-09-10 13:45:29 - INFO - HHH000412: Hibernate ORM core version 5.6.10.Final
2022-09-10 13:45:29 - INFO - HCANN000001: Hibernate Commons Annotations {5.1.2.Final}
2022-09-10 13:45:29 - INFO - HikariPool-1 - Starting...
2022-09-10 13:45:29 - INFO - HikariPool-1 - Start completed.
2022-09-10 13:45:29 - INFO - HHH000400: Using dialect: org.hibernate.dialect.MySQL5InnoDBDialect
2022-09-10 13:45:30 - INFO - HHH000490: Using JtaPlatform implementation: [org.hibernate.engine.transaction.jta.platform.internal.NoJtaPlatform]
2022-09-10 13:45:31 - INFO - Started ContactAppRestApiApplication in 5.14 seconds (JVM running for 10.41)
2022-09-10 13:45:51 - INFO - Initializing Spring DispatcherServlet 'dispatcherServlet'
2022-09-10 13:45:56 - ERROR - query did not return a unique result: 2; nested exception is javax.persistence.NonUniqueResultException: query did not return a unique result: 2
2022-09-10 13:47:24 - ERROR - query did not return a unique result: 2; nested exception is javax.persistence.NonUniqueResultException: query did not return a unique result: 2
2022-09-10 13:49:05 - INFO - HikariPool-1 - Shutdown initiated...
2022-09-10 13:49:05 - INFO - HikariPool-1 - Shutdown completed.
2022-09-10 13:49:15 - INFO - Starting ContactAppRestApiApplication using Java 18.0.2 on DELL-C2HFFL3 with PID 15328 (D:\sample-app\contact-app-api\target\classes started by Administrator in D:\sample-app\contact-app-api)
2022-09-10 13:49:15 - INFO - No active profile set, falling back to 1 default profile: "default"
2022-09-10 13:49:17 - INFO - Starting service [Tomcat]
2022-09-10 13:49:17 - INFO - Starting Servlet engine: [Apache Tomcat/9.0.65]
2022-09-10 13:49:17 - INFO - Initializing Spring embedded WebApplicationContext
2022-09-10 13:49:17 - INFO - HHH000204: Processing PersistenceUnitInfo [name: default]
2022-09-10 13:49:17 - INFO - HHH000412: Hibernate ORM core version 5.6.10.Final
2022-09-10 13:49:18 - INFO - HCANN000001: Hibernate Commons Annotations {5.1.2.Final}
2022-09-10 13:49:18 - INFO - HikariPool-1 - Starting...
2022-09-10 13:49:18 - INFO - HikariPool-1 - Start completed.
2022-09-10 13:49:18 - INFO - HHH000400: Using dialect: org.hibernate.dialect.MySQL5InnoDBDialect
2022-09-10 13:49:19 - INFO - HHH000490: Using JtaPlatform implementation: [org.hibernate.engine.transaction.jta.platform.internal.NoJtaPlatform]
2022-09-10 13:49:20 - INFO - Started ContactAppRestApiApplication in 4.875 seconds (JVM running for 10.028)
2022-09-10 13:49:22 - INFO - Initializing Spring DispatcherServlet 'dispatcherServlet'
2022-09-10 13:49:22 - ERROR - Contact already exists
2022-09-10 13:57:47 - INFO - HikariPool-1 - Shutdown initiated...
2022-09-10 13:57:47 - INFO - HikariPool-1 - Shutdown completed.
2022-09-10 13:57:53 - INFO - Starting ContactAppRestApiApplication using Java 18.0.2 on DELL-C2HFFL3 with PID 9060 (D:\sample-app\contact-app-api\target\classes started by Administrator in D:\sample-app\contact-app-api)
2022-09-10 13:57:53 - INFO - No active profile set, falling back to 1 default profile: "default"
2022-09-10 13:57:55 - INFO - Starting service [Tomcat]
2022-09-10 13:57:55 - INFO - Starting Servlet engine: [Apache Tomcat/9.0.65]
2022-09-10 13:57:56 - INFO - Initializing Spring embedded WebApplicationContext
2022-09-10 13:57:56 - INFO - HHH000204: Processing PersistenceUnitInfo [name: default]
2022-09-10 13:57:56 - INFO - HHH000412: Hibernate ORM core version 5.6.10.Final
2022-09-10 13:57:56 - INFO - HCANN000001: Hibernate Commons Annotations {5.1.2.Final}
2022-09-10 13:57:56 - INFO - HikariPool-1 - Starting...
2022-09-10 13:57:56 - INFO - HikariPool-1 - Start completed.
2022-09-10 13:57:56 - INFO - HHH000400: Using dialect: org.hibernate.dialect.MySQL5InnoDBDialect
2022-09-10 13:57:57 - INFO - HHH000490: Using JtaPlatform implementation: [org.hibernate.engine.transaction.jta.platform.internal.NoJtaPlatform]
2022-09-10 13:57:58 - INFO - Started ContactAppRestApiApplication in 6.113 seconds (JVM running for 6.551)
2022-09-10 13:58:05 - INFO - Initializing Spring DispatcherServlet 'dispatcherServlet'
2022-09-10 14:03:22 - ERROR - Invalid User name
2022-09-10 14:03:27 - ERROR - Invalid User name
2022-09-10 14:04:47 - ERROR - Invalid User name
2022-09-10 14:06:45 - ERROR - Invalid User name
2022-09-10 14:07:17 - ERROR - Invalid User name
2022-09-10 14:07:27 - ERROR - Invalid User name
2022-09-10 14:07:30 - ERROR - Invalid User name
2022-09-10 14:09:09 - ERROR - Invalid User name
2022-09-10 14:10:16 - INFO - HikariPool-1 - Shutdown initiated...
2022-09-10 14:10:16 - INFO - HikariPool-1 - Shutdown completed.
2022-09-10 14:10:23 - INFO - Starting ContactAppRestApiApplication using Java 18.0.2 on DELL-C2HFFL3 with PID 19712 (D:\sample-app\contact-app-api\target\classes started by Administrator in D:\sample-app\contact-app-api)
2022-09-10 14:10:23 - INFO - No active profile set, falling back to 1 default profile: "default"
2022-09-10 14:10:25 - INFO - Starting service [Tomcat]
2022-09-10 14:10:25 - INFO - Starting Servlet engine: [Apache Tomcat/9.0.65]
2022-09-10 14:10:25 - INFO - Initializing Spring embedded WebApplicationContext
2022-09-10 14:10:25 - INFO - HHH000204: Processing PersistenceUnitInfo [name: default]
2022-09-10 14:10:25 - INFO - HHH000412: Hibernate ORM core version 5.6.10.Final
2022-09-10 14:10:26 - INFO - HCANN000001: Hibernate Commons Annotations {5.1.2.Final}
2022-09-10 14:10:26 - INFO - HikariPool-1 - Starting...
2022-09-10 14:10:26 - INFO - HikariPool-1 - Start completed.
2022-09-10 14:10:26 - INFO - HHH000400: Using dialect: org.hibernate.dialect.MySQL5InnoDBDialect
2022-09-10 14:10:27 - INFO - HHH000490: Using JtaPlatform implementation: [org.hibernate.engine.transaction.jta.platform.internal.NoJtaPlatform]
2022-09-10 14:10:28 - INFO - Started ContactAppRestApiApplication in 5.583 seconds (JVM running for 6.029)
2022-09-10 14:10:42 - INFO - Initializing Spring DispatcherServlet 'dispatcherServlet'
2022-09-10 14:10:42 - ERROR - Invalid User name
2022-09-10 14:10:44 - ERROR - Invalid User name
2022-09-10 14:11:57 - ERROR - Invalid User name
2022-09-10 14:13:13 - ERROR - Invalid User name
2022-09-10 14:28:13 - ERROR - Contact already exists
2022-09-10 14:28:56 - INFO - HikariPool-1 - Shutdown initiated...
2022-09-10 14:28:56 - INFO - HikariPool-1 - Shutdown completed.
2022-09-10 14:29:02 - INFO - Starting ContactAppRestApiApplication using Java 18.0.2 on DELL-C2HFFL3 with PID 18008 (D:\sample-app\contact-app-api\target\classes started by Administrator in D:\sample-app\contact-app-api)
2022-09-10 14:29:02 - INFO - No active profile set, falling back to 1 default profile: "default"
2022-09-10 14:29:05 - INFO - Starting service [Tomcat]
2022-09-10 14:29:05 - INFO - Starting Servlet engine: [Apache Tomcat/9.0.65]
2022-09-10 14:29:05 - INFO - Initializing Spring embedded WebApplicationContext
2022-09-10 14:29:05 - INFO - HHH000204: Processing PersistenceUnitInfo [name: default]
2022-09-10 14:29:05 - INFO - HHH000412: Hibernate ORM core version 5.6.10.Final
2022-09-10 14:29:06 - INFO - HCANN000001: Hibernate Commons Annotations {5.1.2.Final}
2022-09-10 14:29:06 - INFO - HikariPool-1 - Starting...
2022-09-10 14:29:06 - INFO - HikariPool-1 - Start completed.
2022-09-10 14:29:06 - INFO - HHH000400: Using dialect: org.hibernate.dialect.MySQL5InnoDBDialect
2022-09-10 14:29:07 - INFO - HHH000490: Using JtaPlatform implementation: [org.hibernate.engine.transaction.jta.platform.internal.NoJtaPlatform]
2022-09-10 14:29:08 - INFO - Started ContactAppRestApiApplication in 6.035 seconds (JVM running for 6.46)
2022-09-10 14:29:13 - INFO - Initializing Spring DispatcherServlet 'dispatcherServlet'
2022-09-10 14:29:21 - ERROR - rawPassword cannot be null
2022-09-10 14:29:23 - ERROR - rawPassword cannot be null
2022-09-10 14:29:25 - ERROR - rawPassword cannot be null
2022-09-10 14:29:25 - ERROR - rawPassword cannot be null
2022-09-10 14:29:25 - ERROR - rawPassword cannot be null
2022-09-10 14:29:31 - ERROR - rawPassword cannot be null
2022-09-10 14:29:39 - ERROR - rawPassword cannot be null
2022-09-10 14:29:51 - ERROR - rawPassword cannot be null
2022-09-10 14:30:28 - ERROR - rawPassword cannot be null
2022-09-10 14:30:31 - ERROR - rawPassword cannot be null
2022-09-10 14:32:04 - INFO - HikariPool-1 - Shutdown initiated...
2022-09-10 14:32:04 - INFO - HikariPool-1 - Shutdown completed.
2022-09-10 14:32:16 - INFO - Starting ContactAppRestApiApplication using Java 18.0.2 on DELL-C2HFFL3 with PID 10644 (D:\sample-app\contact-app-api\target\classes started by Administrator in D:\sample-app\contact-app-api)
2022-09-10 14:32:16 - INFO - No active profile set, falling back to 1 default profile: "default"
2022-09-10 14:32:19 - INFO - Starting service [Tomcat]
2022-09-10 14:32:19 - INFO - Starting Servlet engine: [Apache Tomcat/9.0.65]
2022-09-10 14:32:19 - INFO - Initializing Spring embedded WebApplicationContext
2022-09-10 14:32:19 - INFO - HHH000204: Processing PersistenceUnitInfo [name: default]
2022-09-10 14:32:19 - INFO - HHH000412: Hibernate ORM core version 5.6.10.Final
2022-09-10 14:32:20 - INFO - HCANN000001: Hibernate Commons Annotations {5.1.2.Final}
2022-09-10 14:32:20 - INFO - HikariPool-1 - Starting...
2022-09-10 14:32:20 - INFO - HikariPool-1 - Start completed.
2022-09-10 14:32:20 - INFO - HHH000400: Using dialect: org.hibernate.dialect.MySQL5InnoDBDialect
2022-09-10 14:32:21 - INFO - HHH000490: Using JtaPlatform implementation: [org.hibernate.engine.transaction.jta.platform.internal.NoJtaPlatform]
2022-09-10 14:32:22 - INFO - Started ContactAppRestApiApplication in 6.348 seconds (JVM running for 12.432)
2022-09-10 14:33:07 - INFO - Initializing Spring DispatcherServlet 'dispatcherServlet'
2022-09-10 14:33:08 - ERROR - rawPassword cannot be null
2022-09-10 14:33:11 - ERROR - rawPassword cannot be null
2022-09-10 14:33:17 - ERROR - rawPassword cannot be null
2022-09-10 14:34:43 - INFO - HikariPool-1 - Shutdown initiated...
2022-09-10 14:34:43 - INFO - HikariPool-1 - Shutdown completed.
2022-09-10 14:34:50 - INFO - Starting ContactAppRestApiApplication using Java 18.0.2 on DELL-C2HFFL3 with PID 7048 (D:\sample-app\contact-app-api\target\classes started by Administrator in D:\sample-app\contact-app-api)
2022-09-10 14:34:50 - INFO - No active profile set, falling back to 1 default profile: "default"
2022-09-10 14:34:52 - INFO - Starting service [Tomcat]
2022-09-10 14:34:52 - INFO - Starting Servlet engine: [Apache Tomcat/9.0.65]
2022-09-10 14:34:52 - INFO - Initializing Spring embedded WebApplicationContext
2022-09-10 14:34:52 - INFO - HHH000204: Processing PersistenceUnitInfo [name: default]
2022-09-10 14:34:53 - INFO - HHH000412: Hibernate ORM core version 5.6.10.Final
2022-09-10 14:34:53 - INFO - HCANN000001: Hibernate Commons Annotations {5.1.2.Final}
2022-09-10 14:34:53 - INFO - HikariPool-1 - Starting...
2022-09-10 14:34:53 - INFO - HikariPool-1 - Start completed.
2022-09-10 14:34:53 - INFO - HHH000400: Using dialect: org.hibernate.dialect.MySQL5InnoDBDialect
2022-09-10 14:34:54 - INFO - HHH000490: Using JtaPlatform implementation: [org.hibernate.engine.transaction.jta.platform.internal.NoJtaPlatform]
2022-09-10 14:34:55 - INFO - Started ContactAppRestApiApplication in 5.194 seconds (JVM running for 5.641)
2022-09-10 14:34:59 - INFO - Initializing Spring DispatcherServlet 'dispatcherServlet'
2022-09-10 14:35:00 - ERROR - rawPassword cannot be null
2022-09-10 14:35:12 - ERROR - rawPassword cannot be null
2022-09-10 14:36:00 - INFO - HikariPool-1 - Shutdown initiated...
2022-09-10 14:36:00 - INFO - HikariPool-1 - Shutdown completed.
2022-09-10 14:36:07 - INFO - Starting ContactAppRestApiApplication using Java 18.0.2 on DELL-C2HFFL3 with PID 2304 (D:\sample-app\contact-app-api\target\classes started by Administrator in D:\sample-app\contact-app-api)
2022-09-10 14:36:07 - INFO - No active profile set, falling back to 1 default profile: "default"
2022-09-10 14:36:09 - INFO - Starting service [Tomcat]
2022-09-10 14:36:09 - INFO - Starting Servlet engine: [Apache Tomcat/9.0.65]
2022-09-10 14:36:09 - INFO - Initializing Spring embedded WebApplicationContext
2022-09-10 14:36:09 - INFO - HHH000204: Processing PersistenceUnitInfo [name: default]
2022-09-10 14:36:09 - INFO - HHH000412: Hibernate ORM core version 5.6.10.Final
2022-09-10 14:36:09 - INFO - HCANN000001: Hibernate Commons Annotations {5.1.2.Final}
2022-09-10 14:36:09 - INFO - HikariPool-1 - Starting...
2022-09-10 14:36:10 - INFO - HikariPool-1 - Start completed.
2022-09-10 14:36:10 - INFO - HHH000400: Using dialect: org.hibernate.dialect.MySQL5InnoDBDialect
2022-09-10 14:36:10 - INFO - HHH000490: Using JtaPlatform implementation: [org.hibernate.engine.transaction.jta.platform.internal.NoJtaPlatform]
2022-09-10 14:36:12 - INFO - Started ContactAppRestApiApplication in 4.93 seconds (JVM running for 5.358)
2022-09-10 14:36:24 - INFO - Initializing Spring DispatcherServlet 'dispatcherServlet'
2022-09-10 14:41:19 - INFO - HikariPool-1 - Shutdown initiated...
2022-09-10 14:41:19 - INFO - HikariPool-1 - Shutdown completed.
2022-09-10 14:41:32 - INFO - Starting ContactAppRestApiApplication using Java 18.0.2 on DELL-C2HFFL3 with PID 15500 (D:\sample-app\contact-app-api\target\classes started by Administrator in D:\sample-app\contact-app-api)
2022-09-10 14:41:32 - INFO - No active profile set, falling back to 1 default profile: "default"
2022-09-10 14:41:35 - INFO - Starting service [Tomcat]
2022-09-10 14:41:35 - INFO - Starting Servlet engine: [Apache Tomcat/9.0.65]
2022-09-10 14:41:36 - INFO - Initializing Spring embedded WebApplicationContext
2022-09-10 14:41:36 - INFO - HHH000204: Processing PersistenceUnitInfo [name: default]
2022-09-10 14:41:36 - INFO - HHH000412: Hibernate ORM core version 5.6.10.Final
2022-09-10 14:41:36 - INFO - HCANN000001: Hibernate Commons Annotations {5.1.2.Final}
2022-09-10 14:41:36 - INFO - HikariPool-1 - Starting...
2022-09-10 14:41:37 - INFO - HikariPool-1 - Start completed.
2022-09-10 14:41:37 - INFO - HHH000400: Using dialect: org.hibernate.dialect.MySQL5InnoDBDialect
2022-09-10 14:41:37 - INFO - HHH000490: Using JtaPlatform implementation: [org.hibernate.engine.transaction.jta.platform.internal.NoJtaPlatform]
2022-09-10 14:41:39 - INFO - Started ContactAppRestApiApplication in 7.282 seconds (JVM running for 13.813)
2022-09-10 14:41:52 - INFO - Initializing Spring DispatcherServlet 'dispatcherServlet'
2022-09-10 14:41:53 - ERROR - Contact does not exists
2022-09-10 14:42:25 - ERROR - Contact does not exists
2022-09-10 14:44:37 - ERROR - Contact does not exists
2022-09-10 14:45:20 - ERROR - Contact does not exists
2022-09-10 14:46:02 - ERROR - Contact already exists
2022-09-10 14:48:04 - INFO - HikariPool-1 - Shutdown initiated...
2022-09-10 14:48:04 - INFO - HikariPool-1 - Shutdown completed.
